# JRE version: Java(TM) SE Runtime Environment (8.0_101-b13) (build 1.8.0_101-b13)
# Java VM: Java HotSpot(TM) 64-Bit Server VM (25.101-b13 mixed mode windows-amd64 compressed oops)
Heap:
 PSYoungGen      total 102912K, used 35420K [0x00000000eab00000, 0x00000000f1c00000, 0x0000000100000000)
  eden space 95232K, 29% used [0x00000000eab00000,0x00000000ec61b078,0x00000000f0800000)
  from space 7680K, 99% used [0x00000000f1480000,0x00000000f1bfc010,0x00000000f1c00000)
  to   space 10240K, 0% used [0x00000000f0800000,0x00000000f0800000,0x00000000f1200000)
 ParOldGen       total 66560K, used 19052K [0x00000000c0000000, 0x00000000c4100000, 0x00000000eab00000)
  object space 66560K, 28% used [0x00000000c0000000,0x00000000c129b068,0x00000000c4100000)
 Metaspace       used 44719K, capacity 45834K, committed 46080K, reserved 1089536K
  class space    used 6056K, capacity 6321K, committed 6400K, reserved 1048576K
GC Heap History (10 events):
Event: 12.382 GC heap before
{Heap before GC invocations=8 (full 1):
 PSYoungGen      total 102912K, used 101487K [0x00000000eab00000, 0x00000000f1c00000, 0x0000000100000000)
  eden space 95232K, 100% used [0x00000000eab00000,0x00000000f0800000,0x00000000f0800000)
  from space 7680K, 81% used [0x00000000f1480000,0x00000000f1a9bf20,0x00000000f1c00000)
  to   space 10240K, 0% used [0x00000000f0800000,0x00000000f0800000,0x00000000f1200000)
 ParOldGen       total 66560K, used 12430K [0x00000000c0000000, 0x00000000c4100000, 0x00000000eab00000)
  object space 66560K, 18% used [0x00000000c0000000,0x00000000c0c23950,0x00000000c4100000)
 Metaspace       used 33260K, capacity 33904K, committed 34176K, reserved 1079296K
  class space    used 4549K, capacity 4715K, committed 4736K, reserved 1048576K
Event: 12.421 GC heap after
Heap after GC invocations=8 (full 1):
 PSYoungGen      total 105472K, used 10227K [0x00000000eab00000, 0x00000000f1c00000, 0x0000000100000000)
  eden space 95232K, 0% used [0x00000000eab00000,0x00000000eab00000,0x00000000f0800000)
  from space 10240K, 99% used [0x00000000f0800000,0x00000000f11fcd28,0x00000000f1200000)
  to   space 7680K, 0% used [0x00000000f1480000,0x00000000f1480000,0x00000000f1c00000)
 ParOldGen       total 66560K, used 12632K [0x00000000c0000000, 0x00000000c4100000, 0x00000000eab00000)
  object space 66560K, 18% used [0x00000000c0000000,0x00000000c0c563a0,0x00000000c4100000)
 Metaspace       used 33260K, capacity 33904K, committed 34176K, reserved 1079296K
  class space    used 4549K, capacity 4715K, committed 4736K, reserved 1048576K
}
Event: 12.978 GC heap before
{Heap before GC invocations=9 (full 1):
 PSYoungGen      total 105472K, used 28080K [0x00000000eab00000, 0x00000000f1c00000, 0x0000000100000000)
  eden space 95232K, 18% used [0x00000000eab00000,0x00000000ebc6f550,0x00000000f0800000)
  from space 10240K, 99% used [0x00000000f0800000,0x00000000f11fcd28,0x00000000f1200000)
  to   space 7680K, 0% used [0x00000000f1480000,0x00000000f1480000,0x00000000f1c00000)
 ParOldGen       total 66560K, used 12632K [0x00000000c0000000, 0x00000000c4100000, 0x00000000eab00000)
  object space 66560K, 18% used [0x00000000c0000000,0x00000000c0c563a0,0x00000000c4100000)
 Metaspace       used 34606K, capacity 35124K, committed 35456K, reserved 1079296K
  class space    used 4728K, capacity 4881K, committed 4992K, reserved 1048576K
Event: 13.014 GC heap after
Heap after GC invocations=9 (full 1):
 PSYoungGen      total 102912K, used 7678K [0x00000000eab00000, 0x00000000f1c00000, 0x0000000100000000)
  eden space 95232K, 0% used [0x00000000eab00000,0x00000000eab00000,0x00000000f0800000)
  from space 7680K, 99% used [0x00000000f1480000,0x00000000f1bff958,0x00000000f1c00000)
  to   space 10240K, 0% used [0x00000000f0800000,0x00000000f0800000,0x00000000f1200000)
 ParOldGen       total 66560K, used 13194K [0x00000000c0000000, 0x00000000c4100000, 0x00000000eab00000)
  object space 66560K, 19% used [0x00000000c0000000,0x00000000c0ce2898,0x00000000c4100000)
 Metaspace       used 34606K, capacity 35124K, committed 35456K, reserved 1079296K
  class space    used 4728K, capacity 4881K, committed 4992K, reserved 1048576K
}
Event: 13.014 GC heap before
{Heap before GC invocations=10 (full 2):
 PSYoungGen      total 102912K, used 7678K [0x00000000eab00000, 0x00000000f1c00000, 0x0000000100000000)
  eden space 95232K, 0% used [0x00000000eab00000,0x00000000eab00000,0x00000000f0800000)
  from space 7680K, 99% used [0x00000000f1480000,0x00000000f1bff958,0x00000000f1c00000)
  to   space 10240K, 0% used [0x00000000f0800000,0x00000000f0800000,0x00000000f1200000)
 ParOldGen       total 66560K, used 13194K [0x00000000c0000000, 0x00000000c4100000, 0x00000000eab00000)
  object space 66560K, 19% used [0x00000000c0000000,0x00000000c0ce2898,0x00000000c4100000)
 Metaspace       used 34606K, capacity 35124K, committed 35456K, reserved 1079296K
  class space    used 4728K, capacity 4881K, committed 4992K, reserved 1048576K
Event: 13.208 GC heap after
Heap after GC invocations=10 (full 2):
 PSYoungGen      total 102912K, used 0K [0x00000000eab00000, 0x00000000f1c00000, 0x0000000100000000)
  eden space 95232K, 0% used [0x00000000eab00000,0x00000000eab00000,0x00000000f0800000)
  from space 7680K, 0% used [0x00000000f1480000,0x00000000f1480000,0x00000000f1c00000)
  to   space 10240K, 0% used [0x00000000f0800000,0x00000000f0800000,0x00000000f1200000)
 ParOldGen       total 66560K, used 15025K [0x00000000c0000000, 0x00000000c4100000, 0x00000000eab00000)
  object space 66560K, 22% used [0x00000000c0000000,0x00000000c0eac4a0,0x00000000c4100000)
 Metaspace       used 34606K, capacity 35124K, committed 35456K, reserved 1079296K
  class space    used 4728K, capacity 4881K, committed 4992K, reserved 1048576K
}
Event: 16.070 GC heap before
{Heap before GC invocations=11 (full 2):
 PSYoungGen      total 102912K, used 95232K [0x00000000eab00000, 0x00000000f1c00000, 0x0000000100000000)
  eden space 95232K, 100% used [0x00000000eab00000,0x00000000f0800000,0x00000000f0800000)
  from space 7680K, 0% used [0x00000000f1480000,0x00000000f1480000,0x00000000f1c00000)
  to   space 10240K, 0% used [0x00000000f0800000,0x00000000f0800000,0x00000000f1200000)
 ParOldGen       total 66560K, used 15025K [0x00000000c0000000, 0x00000000c4100000, 0x00000000eab00000)
  object space 66560K, 22% used [0x00000000c0000000,0x00000000c0eac4a0,0x00000000c4100000)
 Metaspace       used 42296K, capacity 43192K, committed 43520K, reserved 1087488K
  class space    used 5773K, capacity 6032K, committed 6144K, reserved 1048576K
Event: 16.092 GC heap after
Heap after GC invocations=11 (full 2):
 PSYoungGen      total 105472K, used 10196K [0x00000000eab00000, 0x00000000f1c00000, 0x0000000100000000)
  eden space 95232K, 0% used [0x00000000eab00000,0x00000000eab00000,0x00000000f0800000)
  from space 10240K, 99% used [0x00000000f0800000,0x00000000f11f51d0,0x00000000f1200000)
  to   space 7680K, 0% used [0x00000000f1480000,0x00000000f1480000,0x00000000f1c00000)
 ParOldGen       total 66560K, used 15033K [0x00000000c0000000, 0x00000000c4100000, 0x00000000eab00000)
  object space 66560K, 22% used [0x00000000c0000000,0x00000000c0eae4a0,0x00000000c4100000)
 Metaspace       used 42296K, capacity 43192K, committed 43520K, reserved 1087488K
  class space    used 5773K, capacity 6032K, committed 6144K, reserved 1048576K
}
Event: 18.080 GC heap before
{Heap before GC invocations=12 (full 2):
 PSYoungGen      total 105472K, used 105428K [0x00000000eab00000, 0x00000000f1c00000, 0x0000000100000000)
  eden space 95232K, 100% used [0x00000000eab00000,0x00000000f0800000,0x00000000f0800000)
  from space 10240K, 99% used [0x00000000f0800000,0x00000000f11f51d0,0x00000000f1200000)
  to   space 7680K, 0% used [0x00000000f1480000,0x00000000f1480000,0x00000000f1c00000)
 ParOldGen       total 66560K, used 15033K [0x00000000c0000000, 0x00000000c4100000, 0x00000000eab00000)
  object space 66560K, 22% used [0x00000000c0000000,0x00000000c0eae4a0,0x00000000c4100000)
 Metaspace       used 44131K, capacity 45046K, committed 45184K, reserved 1087488K
  class space    used 5967K, capacity 6243K, committed 6272K, reserved 1048576K
Event: 18.108 GC heap after
Heap after GC invocations=12 (full 2):
 PSYoungGen      total 102912K, used 7664K [0x00000000eab00000, 0x00000000f1c00000, 0x0000000100000000)
  eden space 95232K, 0% used [0x00000000eab00000,0x00000000eab00000,0x00000000f0800000)
  from space 7680K, 99% used [0x00000000f1480000,0x00000000f1bfc010,0x00000000f1c00000)
  to   space 10240K, 0% used [0x00000000f0800000,0x00000000f0800000,0x00000000f1200000)
 ParOldGen       total 66560K, used 19052K [0x00000000c0000000, 0x00000000c4100000, 0x00000000eab00000)
  object space 66560K, 28% used [0x00000000c0000000,0x00000000c129b068,0x00000000c4100000)
 Metaspace       used 44131K, capacity 45046K, committed 45184K, reserved 1087488K
  class space    used 5967K, capacity 6243K, committed 6272K, reserved 1048576K
}

