# JRE version: Java(TM) SE Runtime Environment (8.0_101-b13) (build 1.8.0_101-b13)
# Java VM: Java HotSpot(TM) 64-Bit Server VM (25.101-b13 mixed mode windows-amd64 compressed oops)
Heap:
 PSYoungGen      total 194048K, used 66748K [0x00000000eab00000, 0x00000000faa80000, 0x0000000100000000)
  eden space 173056K, 38% used [0x00000000eab00000,0x00000000eec2f298,0x00000000f5400000)
  from space 20992K, 0% used [0x00000000f7800000,0x00000000f7800000,0x00000000f8c80000)
  to   space 36864K, 0% used [0x00000000f5400000,0x00000000f5400000,0x00000000f7800000)
 ParOldGen       total 102912K, used 44664K [0x00000000c0000000, 0x00000000c6480000, 0x00000000eab00000)
  object space 102912K, 43% used [0x00000000c0000000,0x00000000c2b9e250,0x00000000c6480000)
 Metaspace       used 61752K, capacity 63542K, committed 63744K, reserved 1103872K
  class space    used 8213K, capacity 8665K, committed 8704K, reserved 1048576K
GC Heap History (10 events):
Event: 16.163 GC heap before
{Heap before GC invocations=11 (full 2):
 PSYoungGen      total 141312K, used 129536K [0x00000000eab00000, 0x00000000f4880000, 0x0000000100000000)
  eden space 129536K, 100% used [0x00000000eab00000,0x00000000f2980000,0x00000000f2980000)
  from space 11776K, 0% used [0x00000000f3480000,0x00000000f3480000,0x00000000f4000000)
  to   space 11264K, 0% used [0x00000000f2980000,0x00000000f2980000,0x00000000f3480000)
 ParOldGen       total 102912K, used 14967K [0x00000000c0000000, 0x00000000c6480000, 0x00000000eab00000)
  object space 102912K, 14% used [0x00000000c0000000,0x00000000c0e9de30,0x00000000c6480000)
 Metaspace       used 42584K, capacity 43432K, committed 43648K, reserved 1087488K
  class space    used 5784K, capacity 6002K, committed 6016K, reserved 1048576K
Event: 16.184 GC heap after
Heap after GC invocations=11 (full 2):
 PSYoungGen      total 140800K, used 11232K [0x00000000eab00000, 0x00000000f5f80000, 0x0000000100000000)
  eden space 129536K, 0% used [0x00000000eab00000,0x00000000eab00000,0x00000000f2980000)
  from space 11264K, 99% used [0x00000000f2980000,0x00000000f34783d0,0x00000000f3480000)
  to   space 12800K, 0% used [0x00000000f5300000,0x00000000f5300000,0x00000000f5f80000)
 ParOldGen       total 102912K, used 15495K [0x00000000c0000000, 0x00000000c6480000, 0x00000000eab00000)
  object space 102912K, 15% used [0x00000000c0000000,0x00000000c0f21c80,0x00000000c6480000)
 Metaspace       used 42584K, capacity 43432K, committed 43648K, reserved 1087488K
  class space    used 5784K, capacity 6002K, committed 6016K, reserved 1048576K
}
Event: 19.179 GC heap before
{Heap before GC invocations=12 (full 2):
 PSYoungGen      total 140800K, used 140768K [0x00000000eab00000, 0x00000000f5f80000, 0x0000000100000000)
  eden space 129536K, 100% used [0x00000000eab00000,0x00000000f2980000,0x00000000f2980000)
  from space 11264K, 99% used [0x00000000f2980000,0x00000000f34783d0,0x00000000f3480000)
  to   space 12800K, 0% used [0x00000000f5300000,0x00000000f5300000,0x00000000f5f80000)
 ParOldGen       total 102912K, used 15495K [0x00000000c0000000, 0x00000000c6480000, 0x00000000eab00000)
  object space 102912K, 15% used [0x00000000c0000000,0x00000000c0f21c80,0x00000000c6480000)
 Metaspace       used 46484K, capacity 47650K, committed 47872K, reserved 1091584K
  class space    used 6345K, capacity 6642K, committed 6656K, reserved 1048576K
Event: 19.217 GC heap after
Heap after GC invocations=12 (full 2):
 PSYoungGen      total 168960K, used 12794K [0x00000000eab00000, 0x00000000f6500000, 0x0000000100000000)
  eden space 156160K, 0% used [0x00000000eab00000,0x00000000eab00000,0x00000000f4380000)
  from space 12800K, 99% used [0x00000000f5300000,0x00000000f5f7eb70,0x00000000f5f80000)
  to   space 15872K, 0% used [0x00000000f4380000,0x00000000f4380000,0x00000000f5300000)
 ParOldGen       total 102912K, used 19510K [0x00000000c0000000, 0x00000000c6480000, 0x00000000eab00000)
  object space 102912K, 18% used [0x00000000c0000000,0x00000000c130da20,0x00000000c6480000)
 Metaspace       used 46484K, capacity 47650K, committed 47872K, reserved 1091584K
  class space    used 6345K, capacity 6642K, committed 6656K, reserved 1048576K
}
Event: 25.427 GC heap before
{Heap before GC invocations=13 (full 2):
 PSYoungGen      total 168960K, used 168954K [0x00000000eab00000, 0x00000000f6500000, 0x0000000100000000)
  eden space 156160K, 100% used [0x00000000eab00000,0x00000000f4380000,0x00000000f4380000)
  from space 12800K, 99% used [0x00000000f5300000,0x00000000f5f7eb70,0x00000000f5f80000)
  to   space 15872K, 0% used [0x00000000f4380000,0x00000000f4380000,0x00000000f5300000)
 ParOldGen       total 102912K, used 19510K [0x00000000c0000000, 0x00000000c6480000, 0x00000000eab00000)
  object space 102912K, 18% used [0x00000000c0000000,0x00000000c130da20,0x00000000c6480000)
 Metaspace       used 54814K, capacity 56332K, committed 56448K, reserved 1097728K
  class space    used 7441K, capacity 7797K, committed 7808K, reserved 1048576K
Event: 25.477 GC heap after
Heap after GC invocations=13 (full 2):
 PSYoungGen      total 172032K, used 15856K [0x00000000eab00000, 0x00000000f8c80000, 0x0000000100000000)
  eden space 156160K, 0% used [0x00000000eab00000,0x00000000eab00000,0x00000000f4380000)
  from space 15872K, 99% used [0x00000000f4380000,0x00000000f52fc120,0x00000000f5300000)
  to   space 20992K, 0% used [0x00000000f7800000,0x00000000f7800000,0x00000000f8c80000)
 ParOldGen       total 102912K, used 28067K [0x00000000c0000000, 0x00000000c6480000, 0x00000000eab00000)
  object space 102912K, 27% used [0x00000000c0000000,0x00000000c1b68c90,0x00000000c6480000)
 Metaspace       used 54814K, capacity 56332K, committed 56448K, reserved 1097728K
  class space    used 7441K, capacity 7797K, committed 7808K, reserved 1048576K
}
Event: 34.595 GC heap before
{Heap before GC invocations=14 (full 2):
 PSYoungGen      total 172032K, used 162376K [0x00000000eab00000, 0x00000000f8c80000, 0x0000000100000000)
  eden space 156160K, 93% used [0x00000000eab00000,0x00000000f3a15f48,0x00000000f4380000)
  from space 15872K, 99% used [0x00000000f4380000,0x00000000f52fc120,0x00000000f5300000)
  to   space 20992K, 0% used [0x00000000f7800000,0x00000000f7800000,0x00000000f8c80000)
 ParOldGen       total 102912K, used 28067K [0x00000000c0000000, 0x00000000c6480000, 0x00000000eab00000)
  object space 102912K, 27% used [0x00000000c0000000,0x00000000c1b68c90,0x00000000c6480000)
 Metaspace       used 57593K, capacity 59050K, committed 59096K, reserved 1099776K
  class space    used 7679K, capacity 8054K, committed 8064K, reserved 1048576K
Event: 34.689 GC heap after
Heap after GC invocations=14 (full 2):
 PSYoungGen      total 194048K, used 20976K [0x00000000eab00000, 0x00000000faa80000, 0x0000000100000000)
  eden space 173056K, 0% used [0x00000000eab00000,0x00000000eab00000,0x00000000f5400000)
  from space 20992K, 99% used [0x00000000f7800000,0x00000000f8c7c220,0x00000000f8c80000)
  to   space 36864K, 0% used [0x00000000f5400000,0x00000000f5400000,0x00000000f7800000)
 ParOldGen       total 102912K, used 62881K [0x00000000c0000000, 0x00000000c6480000, 0x00000000eab00000)
  object space 102912K, 61% used [0x00000000c0000000,0x00000000c3d68418,0x00000000c6480000)
 Metaspace       used 57593K, capacity 59050K, committed 59096K, reserved 1099776K
  class space    used 7679K, capacity 8054K, committed 8064K, reserved 1048576K
}
Event: 34.689 GC heap before
{Heap before GC invocations=15 (full 3):
 PSYoungGen      total 194048K, used 20976K [0x00000000eab00000, 0x00000000faa80000, 0x0000000100000000)
  eden space 173056K, 0% used [0x00000000eab00000,0x00000000eab00000,0x00000000f5400000)
  from space 20992K, 99% used [0x00000000f7800000,0x00000000f8c7c220,0x00000000f8c80000)
  to   space 36864K, 0% used [0x00000000f5400000,0x00000000f5400000,0x00000000f7800000)
 ParOldGen       total 102912K, used 62881K [0x00000000c0000000, 0x00000000c6480000, 0x00000000eab00000)
  object space 102912K, 61% used [0x00000000c0000000,0x00000000c3d68418,0x00000000c6480000)
 Metaspace       used 57593K, capacity 59050K, committed 59096K, reserved 1099776K
  class space    used 7679K, capacity 8054K, committed 8064K, reserved 1048576K
Event: 35.222 GC heap after
Heap after GC invocations=15 (full 3):
 PSYoungGen      total 194048K, used 0K [0x00000000eab00000, 0x00000000faa80000, 0x0000000100000000)
  eden space 173056K, 0% used [0x00000000eab00000,0x00000000eab00000,0x00000000f5400000)
  from space 20992K, 0% used [0x00000000f7800000,0x00000000f7800000,0x00000000f8c80000)
  to   space 36864K, 0% used [0x00000000f5400000,0x00000000f5400000,0x00000000f7800000)
 ParOldGen       total 102912K, used 44664K [0x00000000c0000000, 0x00000000c6480000, 0x00000000eab00000)
  object space 102912K, 43% used [0x00000000c0000000,0x00000000c2b9e250,0x00000000c6480000)
 Metaspace       used 57362K, capacity 58796K, committed 59096K, reserved 1099776K
  class space    used 7653K, capacity 8013K, committed 8064K, reserved 1048576K
}

