# JRE version: Java(TM) SE Runtime Environment (8.0_101-b13) (build 1.8.0_101-b13)
# Java VM: Java HotSpot(TM) 64-Bit Server VM (25.101-b13 mixed mode windows-amd64 compressed oops)
Heap:
 PSYoungGen      total 103936K, used 22454K [0x00000000eab00000, 0x00000000f1b00000, 0x0000000100000000)
  eden space 93184K, 13% used [0x00000000eab00000,0x00000000eb6de010,0x00000000f0600000)
  from space 10752K, 95% used [0x00000000f0600000,0x00000000f100f8e0,0x00000000f1080000)
  to   space 9216K, 0% used [0x00000000f1200000,0x00000000f1200000,0x00000000f1b00000)
 ParOldGen       total 67072K, used 11788K [0x00000000c0000000, 0x00000000c4180000, 0x00000000eab00000)
  object space 67072K, 17% used [0x00000000c0000000,0x00000000c0b831c8,0x00000000c4180000)
 Metaspace       used 33722K, capacity 34444K, committed 34560K, reserved 1081344K
  class space    used 4629K, capacity 4817K, committed 4864K, reserved 1048576K
GC Heap History (10 events):
Event: 6.039 GC heap before
{Heap before GC invocations=4 (full 0):
 PSYoungGen      total 38400K, used 31264K [0x00000000eab00000, 0x00000000ef600000, 0x0000000100000000)
  eden space 33280K, 78% used [0x00000000eab00000,0x00000000ec48c038,0x00000000ecb80000)
  from space 5120K, 99% used [0x00000000ecb80000,0x00000000ed07c010,0x00000000ed080000)
  to   space 5120K, 0% used [0x00000000ef100000,0x00000000ef100000,0x00000000ef600000)
 ParOldGen       total 87552K, used 4838K [0x00000000c0000000, 0x00000000c5580000, 0x00000000eab00000)
  object space 87552K, 5% used [0x00000000c0000000,0x00000000c04b9b48,0x00000000c5580000)
 Metaspace       used 20847K, capacity 21280K, committed 21296K, reserved 1067008K
  class space    used 2783K, capacity 2928K, committed 2944K, reserved 1048576K
Event: 6.073 GC heap after
Heap after GC invocations=4 (full 0):
 PSYoungGen      total 71680K, used 5088K [0x00000000eab00000, 0x00000000ef600000, 0x0000000100000000)
  eden space 66560K, 0% used [0x00000000eab00000,0x00000000eab00000,0x00000000eec00000)
  from space 5120K, 99% used [0x00000000ef100000,0x00000000ef5f8040,0x00000000ef600000)
  to   space 5120K, 0% used [0x00000000eec00000,0x00000000eec00000,0x00000000ef100000)
 ParOldGen       total 87552K, used 8341K [0x00000000c0000000, 0x00000000c5580000, 0x00000000eab00000)
  object space 87552K, 9% used [0x00000000c0000000,0x00000000c08256f8,0x00000000c5580000)
 Metaspace       used 20847K, capacity 21280K, committed 21296K, reserved 1067008K
  class space    used 2783K, capacity 2928K, committed 2944K, reserved 1048576K
}
Event: 6.073 GC heap before
{Heap before GC invocations=5 (full 1):
 PSYoungGen      total 71680K, used 5088K [0x00000000eab00000, 0x00000000ef600000, 0x0000000100000000)
  eden space 66560K, 0% used [0x00000000eab00000,0x00000000eab00000,0x00000000eec00000)
  from space 5120K, 99% used [0x00000000ef100000,0x00000000ef5f8040,0x00000000ef600000)
  to   space 5120K, 0% used [0x00000000eec00000,0x00000000eec00000,0x00000000ef100000)
 ParOldGen       total 87552K, used 8341K [0x00000000c0000000, 0x00000000c5580000, 0x00000000eab00000)
  object space 87552K, 9% used [0x00000000c0000000,0x00000000c08256f8,0x00000000c5580000)
 Metaspace       used 20847K, capacity 21280K, committed 21296K, reserved 1067008K
  class space    used 2783K, capacity 2928K, committed 2944K, reserved 1048576K
Event: 6.182 GC heap after
Heap after GC invocations=5 (full 1):
 PSYoungGen      total 71680K, used 0K [0x00000000eab00000, 0x00000000ef600000, 0x0000000100000000)
  eden space 66560K, 0% used [0x00000000eab00000,0x00000000eab00000,0x00000000eec00000)
  from space 5120K, 0% used [0x00000000ef100000,0x00000000ef100000,0x00000000ef600000)
  to   space 5120K, 0% used [0x00000000eec00000,0x00000000eec00000,0x00000000ef100000)
 ParOldGen       total 67072K, used 9230K [0x00000000c0000000, 0x00000000c4180000, 0x00000000eab00000)
  object space 67072K, 13% used [0x00000000c0000000,0x00000000c0903a20,0x00000000c4180000)
 Metaspace       used 20847K, capacity 21280K, committed 21296K, reserved 1067008K
  class space    used 2783K, capacity 2928K, committed 2944K, reserved 1048576K
}
Event: 8.353 GC heap before
{Heap before GC invocations=6 (full 1):
 PSYoungGen      total 71680K, used 66560K [0x00000000eab00000, 0x00000000ef600000, 0x0000000100000000)
  eden space 66560K, 100% used [0x00000000eab00000,0x00000000eec00000,0x00000000eec00000)
  from space 5120K, 0% used [0x00000000ef100000,0x00000000ef100000,0x00000000ef600000)
  to   space 5120K, 0% used [0x00000000eec00000,0x00000000eec00000,0x00000000ef100000)
 ParOldGen       total 67072K, used 9230K [0x00000000c0000000, 0x00000000c4180000, 0x00000000eab00000)
  object space 67072K, 13% used [0x00000000c0000000,0x00000000c0903a20,0x00000000c4180000)
 Metaspace       used 25946K, capacity 26522K, committed 26624K, reserved 1073152K
  class space    used 3649K, capacity 3815K, committed 3840K, reserved 1048576K
Event: 8.370 GC heap after
Heap after GC invocations=6 (full 1):
 PSYoungGen      total 71680K, used 5109K [0x00000000eab00000, 0x00000000f1d00000, 0x0000000100000000)
  eden space 66560K, 0% used [0x00000000eab00000,0x00000000eab00000,0x00000000eec00000)
  from space 5120K, 99% used [0x00000000eec00000,0x00000000ef0fd538,0x00000000ef100000)
  to   space 11264K, 0% used [0x00000000f1200000,0x00000000f1200000,0x00000000f1d00000)
 ParOldGen       total 67072K, used 11780K [0x00000000c0000000, 0x00000000c4180000, 0x00000000eab00000)
  object space 67072K, 17% used [0x00000000c0000000,0x00000000c0b811c8,0x00000000c4180000)
 Metaspace       used 25946K, capacity 26522K, committed 26624K, reserved 1073152K
  class space    used 3649K, capacity 3815K, committed 3840K, reserved 1048576K
}
Event: 10.045 GC heap before
{Heap before GC invocations=7 (full 1):
 PSYoungGen      total 71680K, used 71669K [0x00000000eab00000, 0x00000000f1d00000, 0x0000000100000000)
  eden space 66560K, 100% used [0x00000000eab00000,0x00000000eec00000,0x00000000eec00000)
  from space 5120K, 99% used [0x00000000eec00000,0x00000000ef0fd538,0x00000000ef100000)
  to   space 11264K, 0% used [0x00000000f1200000,0x00000000f1200000,0x00000000f1d00000)
 ParOldGen       total 67072K, used 11780K [0x00000000c0000000, 0x00000000c4180000, 0x00000000eab00000)
  object space 67072K, 17% used [0x00000000c0000000,0x00000000c0b811c8,0x00000000c4180000)
 Metaspace       used 28851K, capacity 29564K, committed 29824K, reserved 1077248K
  class space    used 4021K, capacity 4208K, committed 4224K, reserved 1048576K
Event: 10.061 GC heap after
Heap after GC invocations=7 (full 1):
 PSYoungGen      total 102400K, used 6333K [0x00000000eab00000, 0x00000000f1b00000, 0x0000000100000000)
  eden space 93184K, 0% used [0x00000000eab00000,0x00000000eab00000,0x00000000f0600000)
  from space 9216K, 68% used [0x00000000f1200000,0x00000000f182f7f0,0x00000000f1b00000)
  to   space 10752K, 0% used [0x00000000f0600000,0x00000000f0600000,0x00000000f1080000)
 ParOldGen       total 67072K, used 11788K [0x00000000c0000000, 0x00000000c4180000, 0x00000000eab00000)
  object space 67072K, 17% used [0x00000000c0000000,0x00000000c0b831c8,0x00000000c4180000)
 Metaspace       used 28851K, capacity 29564K, committed 29824K, reserved 1077248K
  class space    used 4021K, capacity 4208K, committed 4224K, reserved 1048576K
}
Event: 12.726 GC heap before
{Heap before GC invocations=8 (full 1):
 PSYoungGen      total 102400K, used 99517K [0x00000000eab00000, 0x00000000f1b00000, 0x0000000100000000)
  eden space 93184K, 100% used [0x00000000eab00000,0x00000000f0600000,0x00000000f0600000)
  from space 9216K, 68% used [0x00000000f1200000,0x00000000f182f7f0,0x00000000f1b00000)
  to   space 10752K, 0% used [0x00000000f0600000,0x00000000f0600000,0x00000000f1080000)
 ParOldGen       total 67072K, used 11788K [0x00000000c0000000, 0x00000000c4180000, 0x00000000eab00000)
  object space 67072K, 17% used [0x00000000c0000000,0x00000000c0b831c8,0x00000000c4180000)
 Metaspace       used 33491K, capacity 34284K, committed 34560K, reserved 1081344K
  class space    used 4596K, capacity 4785K, committed 4864K, reserved 1048576K
Event: 12.756 GC heap after
Heap after GC invocations=8 (full 1):
 PSYoungGen      total 103936K, used 10302K [0x00000000eab00000, 0x00000000f1b00000, 0x0000000100000000)
  eden space 93184K, 0% used [0x00000000eab00000,0x00000000eab00000,0x00000000f0600000)
  from space 10752K, 95% used [0x00000000f0600000,0x00000000f100f8e0,0x00000000f1080000)
  to   space 9216K, 0% used [0x00000000f1200000,0x00000000f1200000,0x00000000f1b00000)
 ParOldGen       total 67072K, used 11788K [0x00000000c0000000, 0x00000000c4180000, 0x00000000eab00000)
  object space 67072K, 17% used [0x00000000c0000000,0x00000000c0b831c8,0x00000000c4180000)
 Metaspace       used 33491K, capacity 34284K, committed 34560K, reserved 1081344K
  class space    used 4596K, capacity 4785K, committed 4864K, reserved 1048576K
}

