# JRE version: Java(TM) SE Runtime Environment (8.0_101-b13) (build 1.8.0_101-b13)
# Java VM: Java HotSpot(TM) 64-Bit Server VM (25.101-b13 mixed mode windows-amd64 compressed oops)
Heap:
 PSYoungGen      total 198144K, used 109605K [0x00000000eab00000, 0x00000000f8700000, 0x0000000100000000)
  eden space 184320K, 55% used [0x00000000eab00000,0x00000000f0ef3098,0x00000000f5f00000)
  from space 13824K, 52% used [0x00000000f7980000,0x00000000f8096400,0x00000000f8700000)
  to   space 20480K, 0% used [0x00000000f5f00000,0x00000000f5f00000,0x00000000f7300000)
 ParOldGen       total 95744K, used 42989K [0x00000000c0000000, 0x00000000c5d80000, 0x00000000eab00000)
  object space 95744K, 44% used [0x00000000c0000000,0x00000000c29fb778,0x00000000c5d80000)
 Metaspace       used 62608K, capacity 65194K, committed 65408K, reserved 1105920K
  class space    used 8610K, capacity 9225K, committed 9344K, reserved 1048576K
GC Heap History (10 events):
Event: 25.546 GC heap before
{Heap before GC invocations=15 (full 2):
 PSYoungGen      total 124416K, used 124385K [0x00000000eab00000, 0x00000000f3600000, 0x0000000100000000)
  eden space 112640K, 100% used [0x00000000eab00000,0x00000000f1900000,0x00000000f1900000)
  from space 11776K, 99% used [0x00000000f2680000,0x00000000f31f8798,0x00000000f3200000)
  to   space 13824K, 0% used [0x00000000f1900000,0x00000000f1900000,0x00000000f2680000)
 ParOldGen       total 95744K, used 16618K [0x00000000c0000000, 0x00000000c5d80000, 0x00000000eab00000)
  object space 95744K, 17% used [0x00000000c0000000,0x00000000c103a808,0x00000000c5d80000)
 Metaspace       used 50148K, capacity 51650K, committed 51840K, reserved 1093632K
  class space    used 6921K, capacity 7233K, committed 7296K, reserved 1048576K
Event: 25.664 GC heap after
Heap after GC invocations=15 (full 2):
 PSYoungGen      total 126464K, used 13811K [0x00000000eab00000, 0x00000000f6280000, 0x0000000100000000)
  eden space 112640K, 0% used [0x00000000eab00000,0x00000000eab00000,0x00000000f1900000)
  from space 13824K, 99% used [0x00000000f1900000,0x00000000f267cc90,0x00000000f2680000)
  to   space 18944K, 0% used [0x00000000f5000000,0x00000000f5000000,0x00000000f6280000)
 ParOldGen       total 95744K, used 26179K [0x00000000c0000000, 0x00000000c5d80000, 0x00000000eab00000)
  object space 95744K, 27% used [0x00000000c0000000,0x00000000c1990e70,0x00000000c5d80000)
 Metaspace       used 50148K, capacity 51650K, committed 51840K, reserved 1093632K
  class space    used 6921K, capacity 7233K, committed 7296K, reserved 1048576K
}
Event: 27.658 GC heap before
{Heap before GC invocations=16 (full 2):
 PSYoungGen      total 126464K, used 54208K [0x00000000eab00000, 0x00000000f6280000, 0x0000000100000000)
  eden space 112640K, 35% used [0x00000000eab00000,0x00000000ed2735f8,0x00000000f1900000)
  from space 13824K, 99% used [0x00000000f1900000,0x00000000f267cc90,0x00000000f2680000)
  to   space 18944K, 0% used [0x00000000f5000000,0x00000000f5000000,0x00000000f6280000)
 ParOldGen       total 95744K, used 26179K [0x00000000c0000000, 0x00000000c5d80000, 0x00000000eab00000)
  object space 95744K, 27% used [0x00000000c0000000,0x00000000c1990e70,0x00000000c5d80000)
 Metaspace       used 51912K, capacity 53910K, committed 54016K, reserved 1095680K
  class space    used 7244K, capacity 7676K, committed 7680K, reserved 1048576K
Event: 27.722 GC heap after
Heap after GC invocations=16 (full 2):
 PSYoungGen      total 165888K, used 18936K [0x00000000eab00000, 0x00000000f6880000, 0x0000000100000000)
  eden space 146944K, 0% used [0x00000000eab00000,0x00000000eab00000,0x00000000f3a80000)
  from space 18944K, 99% used [0x00000000f5000000,0x00000000f627e1d8,0x00000000f6280000)
  to   space 22016K, 0% used [0x00000000f3a80000,0x00000000f3a80000,0x00000000f5000000)
 ParOldGen       total 95744K, used 27258K [0x00000000c0000000, 0x00000000c5d80000, 0x00000000eab00000)
  object space 95744K, 28% used [0x00000000c0000000,0x00000000c1a9e920,0x00000000c5d80000)
 Metaspace       used 51912K, capacity 53910K, committed 54016K, reserved 1095680K
  class space    used 7244K, capacity 7676K, committed 7680K, reserved 1048576K
}
Event: 27.722 GC heap before
{Heap before GC invocations=17 (full 3):
 PSYoungGen      total 165888K, used 18936K [0x00000000eab00000, 0x00000000f6880000, 0x0000000100000000)
  eden space 146944K, 0% used [0x00000000eab00000,0x00000000eab00000,0x00000000f3a80000)
  from space 18944K, 99% used [0x00000000f5000000,0x00000000f627e1d8,0x00000000f6280000)
  to   space 22016K, 0% used [0x00000000f3a80000,0x00000000f3a80000,0x00000000f5000000)
 ParOldGen       total 95744K, used 27258K [0x00000000c0000000, 0x00000000c5d80000, 0x00000000eab00000)
  object space 95744K, 28% used [0x00000000c0000000,0x00000000c1a9e920,0x00000000c5d80000)
 Metaspace       used 51912K, capacity 53910K, committed 54016K, reserved 1095680K
  class space    used 7244K, capacity 7676K, committed 7680K, reserved 1048576K
Event: 28.414 GC heap after
Heap after GC invocations=17 (full 3):
 PSYoungGen      total 165888K, used 0K [0x00000000eab00000, 0x00000000f6880000, 0x0000000100000000)
  eden space 146944K, 0% used [0x00000000eab00000,0x00000000eab00000,0x00000000f3a80000)
  from space 18944K, 0% used [0x00000000f5000000,0x00000000f5000000,0x00000000f6280000)
  to   space 22016K, 0% used [0x00000000f3a80000,0x00000000f3a80000,0x00000000f5000000)
 ParOldGen       total 95744K, used 42973K [0x00000000c0000000, 0x00000000c5d80000, 0x00000000eab00000)
  object space 95744K, 44% used [0x00000000c0000000,0x00000000c29f7778,0x00000000c5d80000)
 Metaspace       used 51912K, capacity 53910K, committed 54016K, reserved 1095680K
  class space    used 7244K, capacity 7676K, committed 7680K, reserved 1048576K
}
Event: 36.895 GC heap before
{Heap before GC invocations=18 (full 3):
 PSYoungGen      total 165888K, used 146944K [0x00000000eab00000, 0x00000000f6880000, 0x0000000100000000)
  eden space 146944K, 100% used [0x00000000eab00000,0x00000000f3a80000,0x00000000f3a80000)
  from space 18944K, 0% used [0x00000000f5000000,0x00000000f5000000,0x00000000f6280000)
  to   space 22016K, 0% used [0x00000000f3a80000,0x00000000f3a80000,0x00000000f5000000)
 ParOldGen       total 95744K, used 42973K [0x00000000c0000000, 0x00000000c5d80000, 0x00000000eab00000)
  object space 95744K, 44% used [0x00000000c0000000,0x00000000c29f7778,0x00000000c5d80000)
 Metaspace       used 54767K, capacity 56936K, committed 57216K, reserved 1097728K
  class space    used 7551K, capacity 8007K, committed 8064K, reserved 1048576K
Event: 36.913 GC heap after
Heap after GC invocations=18 (full 3):
 PSYoungGen      total 168960K, used 8340K [0x00000000eab00000, 0x00000000f8e00000, 0x0000000100000000)
  eden space 146944K, 0% used [0x00000000eab00000,0x00000000eab00000,0x00000000f3a80000)
  from space 22016K, 37% used [0x00000000f3a80000,0x00000000f42a51f0,0x00000000f5000000)
  to   space 20992K, 0% used [0x00000000f7980000,0x00000000f7980000,0x00000000f8e00000)
 ParOldGen       total 95744K, used 42981K [0x00000000c0000000, 0x00000000c5d80000, 0x00000000eab00000)
  object space 95744K, 44% used [0x00000000c0000000,0x00000000c29f9778,0x00000000c5d80000)
 Metaspace       used 54767K, capacity 56936K, committed 57216K, reserved 1097728K
  class space    used 7551K, capacity 8007K, committed 8064K, reserved 1048576K
}
Event: 257.443 GC heap before
{Heap before GC invocations=19 (full 3):
 PSYoungGen      total 168960K, used 155284K [0x00000000eab00000, 0x00000000f8e00000, 0x0000000100000000)
  eden space 146944K, 100% used [0x00000000eab00000,0x00000000f3a80000,0x00000000f3a80000)
  from space 22016K, 37% used [0x00000000f3a80000,0x00000000f42a51f0,0x00000000f5000000)
  to   space 20992K, 0% used [0x00000000f7980000,0x00000000f7980000,0x00000000f8e00000)
 ParOldGen       total 95744K, used 42981K [0x00000000c0000000, 0x00000000c5d80000, 0x00000000eab00000)
  object space 95744K, 44% used [0x00000000c0000000,0x00000000c29f9778,0x00000000c5d80000)
 Metaspace       used 56829K, capacity 59144K, committed 59264K, reserved 1099776K
  class space    used 7797K, capacity 8313K, committed 8320K, reserved 1048576K
Event: 257.460 GC heap after
Heap after GC invocations=19 (full 3):
 PSYoungGen      total 198144K, used 7257K [0x00000000eab00000, 0x00000000f8700000, 0x0000000100000000)
  eden space 184320K, 0% used [0x00000000eab00000,0x00000000eab00000,0x00000000f5f00000)
  from space 13824K, 52% used [0x00000000f7980000,0x00000000f8096400,0x00000000f8700000)
  to   space 20480K, 0% used [0x00000000f5f00000,0x00000000f5f00000,0x00000000f7300000)
 ParOldGen       total 95744K, used 42989K [0x00000000c0000000, 0x00000000c5d80000, 0x00000000eab00000)
  object space 95744K, 44% used [0x00000000c0000000,0x00000000c29fb778,0x00000000c5d80000)
 Metaspace       used 56829K, capacity 59144K, committed 59264K, reserved 1099776K
  class space    used 7797K, capacity 8313K, committed 8320K, reserved 1048576K
}

