# JRE version: Java(TM) SE Runtime Environment (8.0_101-b13) (build 1.8.0_101-b13)
# Java VM: Java HotSpot(TM) 64-Bit Server VM (25.101-b13 mixed mode windows-amd64 compressed oops)
Heap:
 PSYoungGen      total 105472K, used 24191K [0x00000000eab00000, 0x00000000f1e00000, 0x0000000100000000)
  eden space 94720K, 25% used [0x00000000eab00000,0x00000000ec29fd20,0x00000000f0780000)
  from space 10752K, 0% used [0x00000000f1200000,0x00000000f1200000,0x00000000f1c80000)
  to   space 10752K, 0% used [0x00000000f0780000,0x00000000f0780000,0x00000000f1200000)
 ParOldGen       total 65536K, used 15842K [0x00000000c0000000, 0x00000000c4000000, 0x00000000eab00000)
  object space 65536K, 24% used [0x00000000c0000000,0x00000000c0f78868,0x00000000c4000000)
 Metaspace       used 36182K, capacity 36994K, committed 37248K, reserved 1081344K
  class space    used 4950K, capacity 5150K, committed 5248K, reserved 1048576K
GC Heap History (10 events):
Event: 7.853 GC heap before
{Heap before GC invocations=6 (full 1):
 PSYoungGen      total 71680K, used 66560K [0x00000000eab00000, 0x00000000ef600000, 0x0000000100000000)
  eden space 66560K, 100% used [0x00000000eab00000,0x00000000eec00000,0x00000000eec00000)
  from space 5120K, 0% used [0x00000000ef100000,0x00000000ef100000,0x00000000ef600000)
  to   space 5120K, 0% used [0x00000000eec00000,0x00000000eec00000,0x00000000ef100000)
 ParOldGen       total 65536K, used 9242K [0x00000000c0000000, 0x00000000c4000000, 0x00000000eab00000)
  object space 65536K, 14% used [0x00000000c0000000,0x00000000c0906af0,0x00000000c4000000)
 Metaspace       used 25930K, capacity 26458K, committed 26624K, reserved 1073152K
  class space    used 3649K, capacity 3815K, committed 3840K, reserved 1048576K
Event: 7.868 GC heap after
Heap after GC invocations=6 (full 1):
 PSYoungGen      total 71680K, used 5095K [0x00000000eab00000, 0x00000000ef600000, 0x0000000100000000)
  eden space 66560K, 0% used [0x00000000eab00000,0x00000000eab00000,0x00000000eec00000)
  from space 5120K, 99% used [0x00000000eec00000,0x00000000ef0f9c18,0x00000000ef100000)
  to   space 5120K, 0% used [0x00000000ef100000,0x00000000ef100000,0x00000000ef600000)
 ParOldGen       total 65536K, used 11806K [0x00000000c0000000, 0x00000000c4000000, 0x00000000eab00000)
  object space 65536K, 18% used [0x00000000c0000000,0x00000000c0b87980,0x00000000c4000000)
 Metaspace       used 25930K, capacity 26458K, committed 26624K, reserved 1073152K
  class space    used 3649K, capacity 3815K, committed 3840K, reserved 1048576K
}
Event: 9.693 GC heap before
{Heap before GC invocations=7 (full 1):
 PSYoungGen      total 71680K, used 71655K [0x00000000eab00000, 0x00000000ef600000, 0x0000000100000000)
  eden space 66560K, 100% used [0x00000000eab00000,0x00000000eec00000,0x00000000eec00000)
  from space 5120K, 99% used [0x00000000eec00000,0x00000000ef0f9c18,0x00000000ef100000)
  to   space 5120K, 0% used [0x00000000ef100000,0x00000000ef100000,0x00000000ef600000)
 ParOldGen       total 65536K, used 11806K [0x00000000c0000000, 0x00000000c4000000, 0x00000000eab00000)
  object space 65536K, 18% used [0x00000000c0000000,0x00000000c0b87980,0x00000000c4000000)
 Metaspace       used 28874K, capacity 29564K, committed 29824K, reserved 1075200K
  class space    used 4022K, capacity 4208K, committed 4224K, reserved 1048576K
Event: 9.710 GC heap after
Heap after GC invocations=7 (full 1):
 PSYoungGen      total 71680K, used 5110K [0x00000000eab00000, 0x00000000ef600000, 0x0000000100000000)
  eden space 66560K, 0% used [0x00000000eab00000,0x00000000eab00000,0x00000000eec00000)
  from space 5120K, 99% used [0x00000000ef100000,0x00000000ef5fd8c0,0x00000000ef600000)
  to   space 5120K, 0% used [0x00000000eec00000,0x00000000eec00000,0x00000000ef100000)
 ParOldGen       total 65536K, used 13128K [0x00000000c0000000, 0x00000000c4000000, 0x00000000eab00000)
  object space 65536K, 20% used [0x00000000c0000000,0x00000000c0cd22c8,0x00000000c4000000)
 Metaspace       used 28874K, capacity 29564K, committed 29824K, reserved 1075200K
  class space    used 4022K, capacity 4208K, committed 4224K, reserved 1048576K
}
Event: 11.867 GC heap before
{Heap before GC invocations=8 (full 1):
 PSYoungGen      total 71680K, used 71670K [0x00000000eab00000, 0x00000000ef600000, 0x0000000100000000)
  eden space 66560K, 100% used [0x00000000eab00000,0x00000000eec00000,0x00000000eec00000)
  from space 5120K, 99% used [0x00000000ef100000,0x00000000ef5fd8c0,0x00000000ef600000)
  to   space 5120K, 0% used [0x00000000eec00000,0x00000000eec00000,0x00000000ef100000)
 ParOldGen       total 65536K, used 13128K [0x00000000c0000000, 0x00000000c4000000, 0x00000000eab00000)
  object space 65536K, 20% used [0x00000000c0000000,0x00000000c0cd22c8,0x00000000c4000000)
 Metaspace       used 32667K, capacity 33452K, committed 33664K, reserved 1079296K
  class space    used 4500K, capacity 4721K, committed 4736K, reserved 1048576K
Event: 11.888 GC heap after
Heap after GC invocations=8 (full 1):
 PSYoungGen      total 71680K, used 5088K [0x00000000eab00000, 0x00000000f1c80000, 0x0000000100000000)
  eden space 66560K, 0% used [0x00000000eab00000,0x00000000eab00000,0x00000000eec00000)
  from space 5120K, 99% used [0x00000000eec00000,0x00000000ef0f8010,0x00000000ef100000)
  to   space 10752K, 0% used [0x00000000f1200000,0x00000000f1200000,0x00000000f1c80000)
 ParOldGen       total 65536K, used 16541K [0x00000000c0000000, 0x00000000c4000000, 0x00000000eab00000)
  object space 65536K, 25% used [0x00000000c0000000,0x00000000c10276b8,0x00000000c4000000)
 Metaspace       used 32667K, capacity 33452K, committed 33664K, reserved 1079296K
  class space    used 4500K, capacity 4721K, committed 4736K, reserved 1048576K
}
Event: 13.032 GC heap before
{Heap before GC invocations=9 (full 1):
 PSYoungGen      total 71680K, used 50666K [0x00000000eab00000, 0x00000000f1c80000, 0x0000000100000000)
  eden space 66560K, 68% used [0x00000000eab00000,0x00000000ed7829a8,0x00000000eec00000)
  from space 5120K, 99% used [0x00000000eec00000,0x00000000ef0f8010,0x00000000ef100000)
  to   space 10752K, 0% used [0x00000000f1200000,0x00000000f1200000,0x00000000f1c80000)
 ParOldGen       total 65536K, used 16541K [0x00000000c0000000, 0x00000000c4000000, 0x00000000eab00000)
  object space 65536K, 25% used [0x00000000c0000000,0x00000000c10276b8,0x00000000c4000000)
 Metaspace       used 34533K, capacity 35294K, committed 35456K, reserved 1079296K
  class space    used 4742K, capacity 4948K, committed 4992K, reserved 1048576K
Event: 13.052 GC heap after
Heap after GC invocations=9 (full 1):
 PSYoungGen      total 105472K, used 7980K [0x00000000eab00000, 0x00000000f1e00000, 0x0000000100000000)
  eden space 94720K, 0% used [0x00000000eab00000,0x00000000eab00000,0x00000000f0780000)
  from space 10752K, 74% used [0x00000000f1200000,0x00000000f19cb310,0x00000000f1c80000)
  to   space 10752K, 0% used [0x00000000f0780000,0x00000000f0780000,0x00000000f1200000)
 ParOldGen       total 65536K, used 16549K [0x00000000c0000000, 0x00000000c4000000, 0x00000000eab00000)
  object space 65536K, 25% used [0x00000000c0000000,0x00000000c10296b8,0x00000000c4000000)
 Metaspace       used 34533K, capacity 35294K, committed 35456K, reserved 1079296K
  class space    used 4742K, capacity 4948K, committed 4992K, reserved 1048576K
}
Event: 13.052 GC heap before
{Heap before GC invocations=10 (full 2):
 PSYoungGen      total 105472K, used 7980K [0x00000000eab00000, 0x00000000f1e00000, 0x0000000100000000)
  eden space 94720K, 0% used [0x00000000eab00000,0x00000000eab00000,0x00000000f0780000)
  from space 10752K, 74% used [0x00000000f1200000,0x00000000f19cb310,0x00000000f1c80000)
  to   space 10752K, 0% used [0x00000000f0780000,0x00000000f0780000,0x00000000f1200000)
 ParOldGen       total 65536K, used 16549K [0x00000000c0000000, 0x00000000c4000000, 0x00000000eab00000)
  object space 65536K, 25% used [0x00000000c0000000,0x00000000c10296b8,0x00000000c4000000)
 Metaspace       used 34533K, capacity 35294K, committed 35456K, reserved 1079296K
  class space    used 4742K, capacity 4948K, committed 4992K, reserved 1048576K
Event: 13.214 GC heap after
Heap after GC invocations=10 (full 2):
 PSYoungGen      total 105472K, used 0K [0x00000000eab00000, 0x00000000f1e00000, 0x0000000100000000)
  eden space 94720K, 0% used [0x00000000eab00000,0x00000000eab00000,0x00000000f0780000)
  from space 10752K, 0% used [0x00000000f1200000,0x00000000f1200000,0x00000000f1c80000)
  to   space 10752K, 0% used [0x00000000f0780000,0x00000000f0780000,0x00000000f1200000)
 ParOldGen       total 65536K, used 15842K [0x00000000c0000000, 0x00000000c4000000, 0x00000000eab00000)
  object space 65536K, 24% used [0x00000000c0000000,0x00000000c0f78868,0x00000000c4000000)
 Metaspace       used 34533K, capacity 35294K, committed 35456K, reserved 1079296K
  class space    used 4742K, capacity 4948K, committed 4992K, reserved 1048576K
}

