# JRE version: Java(TM) SE Runtime Environment (8.0_101-b13) (build 1.8.0_101-b13)
# Java VM: Java HotSpot(TM) 64-Bit Server VM (25.101-b13 mixed mode windows-amd64 compressed oops)
Heap:
 PSYoungGen      total 117760K, used 51849K [0x00000000eab00000, 0x00000000f2d80000, 0x0000000100000000)
  eden space 105472K, 38% used [0x00000000eab00000,0x00000000ed29a4a8,0x00000000f1200000)
  from space 12288K, 91% used [0x00000000f1f00000,0x00000000f2a080e0,0x00000000f2b00000)
  to   space 13312K, 0% used [0x00000000f1200000,0x00000000f1200000,0x00000000f1f00000)
 ParOldGen       total 70656K, used 15105K [0x00000000c0000000, 0x00000000c4500000, 0x00000000eab00000)
  object space 70656K, 21% used [0x00000000c0000000,0x00000000c0ec0760,0x00000000c4500000)
 Metaspace       used 44328K, capacity 45306K, committed 45440K, reserved 1089536K
  class space    used 5999K, capacity 6258K, committed 6272K, reserved 1048576K
GC Heap History (10 events):
Event: 12.275 GC heap before
{Heap before GC invocations=10 (full 1):
 PSYoungGen      total 74240K, used 69856K [0x00000000eab00000, 0x00000000efe00000, 0x0000000100000000)
  eden space 65536K, 100% used [0x00000000eab00000,0x00000000eeb00000,0x00000000eeb00000)
  from space 8704K, 49% used [0x00000000ef580000,0x00000000ef9b8020,0x00000000efe00000)
  to   space 9728K, 0% used [0x00000000eeb00000,0x00000000eeb00000,0x00000000ef480000)
 ParOldGen       total 70656K, used 11149K [0x00000000c0000000, 0x00000000c4500000, 0x00000000eab00000)
  object space 70656K, 15% used [0x00000000c0000000,0x00000000c0ae36f0,0x00000000c4500000)
 Metaspace       used 33230K, capacity 33872K, committed 34304K, reserved 1079296K
  class space    used 4559K, capacity 4747K, committed 4864K, reserved 1048576K
Event: 12.314 GC heap after
Heap after GC invocations=10 (full 1):
 PSYoungGen      total 75264K, used 9722K [0x00000000eab00000, 0x00000000f1200000, 0x0000000100000000)
  eden space 65536K, 0% used [0x00000000eab00000,0x00000000eab00000,0x00000000eeb00000)
  from space 9728K, 99% used [0x00000000eeb00000,0x00000000ef47ebd8,0x00000000ef480000)
  to   space 11264K, 0% used [0x00000000f0700000,0x00000000f0700000,0x00000000f1200000)
 ParOldGen       total 70656K, used 11395K [0x00000000c0000000, 0x00000000c4500000, 0x00000000eab00000)
  object space 70656K, 16% used [0x00000000c0000000,0x00000000c0b20e30,0x00000000c4500000)
 Metaspace       used 33230K, capacity 33872K, committed 34304K, reserved 1079296K
  class space    used 4559K, capacity 4747K, committed 4864K, reserved 1048576K
}
Event: 12.907 GC heap before
{Heap before GC invocations=11 (full 1):
 PSYoungGen      total 75264K, used 31256K [0x00000000eab00000, 0x00000000f1200000, 0x0000000100000000)
  eden space 65536K, 32% used [0x00000000eab00000,0x00000000ec007768,0x00000000eeb00000)
  from space 9728K, 99% used [0x00000000eeb00000,0x00000000ef47ebd8,0x00000000ef480000)
  to   space 11264K, 0% used [0x00000000f0700000,0x00000000f0700000,0x00000000f1200000)
 ParOldGen       total 70656K, used 11395K [0x00000000c0000000, 0x00000000c4500000, 0x00000000eab00000)
  object space 70656K, 16% used [0x00000000c0000000,0x00000000c0b20e30,0x00000000c4500000)
 Metaspace       used 34595K, capacity 35124K, committed 35456K, reserved 1079296K
  class space    used 4736K, capacity 4881K, committed 4992K, reserved 1048576K
Event: 12.940 GC heap after
Heap after GC invocations=11 (full 1):
 PSYoungGen      total 94208K, used 8203K [0x00000000eab00000, 0x00000000f1700000, 0x0000000100000000)
  eden space 82944K, 0% used [0x00000000eab00000,0x00000000eab00000,0x00000000efc00000)
  from space 11264K, 72% used [0x00000000f0700000,0x00000000f0f02cc0,0x00000000f1200000)
  to   space 11264K, 0% used [0x00000000efc00000,0x00000000efc00000,0x00000000f0700000)
 ParOldGen       total 70656K, used 11403K [0x00000000c0000000, 0x00000000c4500000, 0x00000000eab00000)
  object space 70656K, 16% used [0x00000000c0000000,0x00000000c0b22e30,0x00000000c4500000)
 Metaspace       used 34595K, capacity 35124K, committed 35456K, reserved 1079296K
  class space    used 4736K, capacity 4881K, committed 4992K, reserved 1048576K
}
Event: 12.940 GC heap before
{Heap before GC invocations=12 (full 2):
 PSYoungGen      total 94208K, used 8203K [0x00000000eab00000, 0x00000000f1700000, 0x0000000100000000)
  eden space 82944K, 0% used [0x00000000eab00000,0x00000000eab00000,0x00000000efc00000)
  from space 11264K, 72% used [0x00000000f0700000,0x00000000f0f02cc0,0x00000000f1200000)
  to   space 11264K, 0% used [0x00000000efc00000,0x00000000efc00000,0x00000000f0700000)
 ParOldGen       total 70656K, used 11403K [0x00000000c0000000, 0x00000000c4500000, 0x00000000eab00000)
  object space 70656K, 16% used [0x00000000c0000000,0x00000000c0b22e30,0x00000000c4500000)
 Metaspace       used 34595K, capacity 35124K, committed 35456K, reserved 1079296K
  class space    used 4736K, capacity 4881K, committed 4992K, reserved 1048576K
Event: 13.140 GC heap after
Heap after GC invocations=12 (full 2):
 PSYoungGen      total 94208K, used 0K [0x00000000eab00000, 0x00000000f1700000, 0x0000000100000000)
  eden space 82944K, 0% used [0x00000000eab00000,0x00000000eab00000,0x00000000efc00000)
  from space 11264K, 0% used [0x00000000f0700000,0x00000000f0700000,0x00000000f1200000)
  to   space 11264K, 0% used [0x00000000efc00000,0x00000000efc00000,0x00000000f0700000)
 ParOldGen       total 70656K, used 15025K [0x00000000c0000000, 0x00000000c4500000, 0x00000000eab00000)
  object space 70656K, 21% used [0x00000000c0000000,0x00000000c0eac750,0x00000000c4500000)
 Metaspace       used 34595K, capacity 35124K, committed 35456K, reserved 1079296K
  class space    used 4736K, capacity 4881K, committed 4992K, reserved 1048576K
}
Event: 15.598 GC heap before
{Heap before GC invocations=13 (full 2):
 PSYoungGen      total 94208K, used 82944K [0x00000000eab00000, 0x00000000f1700000, 0x0000000100000000)
  eden space 82944K, 100% used [0x00000000eab00000,0x00000000efc00000,0x00000000efc00000)
  from space 11264K, 0% used [0x00000000f0700000,0x00000000f0700000,0x00000000f1200000)
  to   space 11264K, 0% used [0x00000000efc00000,0x00000000efc00000,0x00000000f0700000)
 ParOldGen       total 70656K, used 15025K [0x00000000c0000000, 0x00000000c4500000, 0x00000000eab00000)
  object space 70656K, 21% used [0x00000000c0000000,0x00000000c0eac750,0x00000000c4500000)
 Metaspace       used 42172K, capacity 43004K, committed 43264K, reserved 1087488K
  class space    used 5776K, capacity 6023K, committed 6144K, reserved 1048576K
Event: 15.615 GC heap after
Heap after GC invocations=13 (full 2):
 PSYoungGen      total 94208K, used 9696K [0x00000000eab00000, 0x00000000f2b00000, 0x0000000100000000)
  eden space 82944K, 0% used [0x00000000eab00000,0x00000000eab00000,0x00000000efc00000)
  from space 11264K, 86% used [0x00000000efc00000,0x00000000f05782e8,0x00000000f0700000)
  to   space 12288K, 0% used [0x00000000f1f00000,0x00000000f1f00000,0x00000000f2b00000)
 ParOldGen       total 70656K, used 15033K [0x00000000c0000000, 0x00000000c4500000, 0x00000000eab00000)
  object space 70656K, 21% used [0x00000000c0000000,0x00000000c0eae750,0x00000000c4500000)
 Metaspace       used 42172K, capacity 43004K, committed 43264K, reserved 1087488K
  class space    used 5776K, capacity 6023K, committed 6144K, reserved 1048576K
}
Event: 17.151 GC heap before
{Heap before GC invocations=14 (full 2):
 PSYoungGen      total 94208K, used 92640K [0x00000000eab00000, 0x00000000f2b00000, 0x0000000100000000)
  eden space 82944K, 100% used [0x00000000eab00000,0x00000000efc00000,0x00000000efc00000)
  from space 11264K, 86% used [0x00000000efc00000,0x00000000f05782e8,0x00000000f0700000)
  to   space 12288K, 0% used [0x00000000f1f00000,0x00000000f1f00000,0x00000000f2b00000)
 ParOldGen       total 70656K, used 15033K [0x00000000c0000000, 0x00000000c4500000, 0x00000000eab00000)
  object space 70656K, 21% used [0x00000000c0000000,0x00000000c0eae750,0x00000000c4500000)
 Metaspace       used 43594K, capacity 44530K, committed 44672K, reserved 1087488K
  class space    used 5917K, capacity 6180K, committed 6272K, reserved 1048576K
Event: 17.188 GC heap after
Heap after GC invocations=14 (full 2):
 PSYoungGen      total 117760K, used 11296K [0x00000000eab00000, 0x00000000f2d80000, 0x0000000100000000)
  eden space 105472K, 0% used [0x00000000eab00000,0x00000000eab00000,0x00000000f1200000)
  from space 12288K, 91% used [0x00000000f1f00000,0x00000000f2a080e0,0x00000000f2b00000)
  to   space 13312K, 0% used [0x00000000f1200000,0x00000000f1200000,0x00000000f1f00000)
 ParOldGen       total 70656K, used 15105K [0x00000000c0000000, 0x00000000c4500000, 0x00000000eab00000)
  object space 70656K, 21% used [0x00000000c0000000,0x00000000c0ec0760,0x00000000c4500000)
 Metaspace       used 43594K, capacity 44530K, committed 44672K, reserved 1087488K
  class space    used 5917K, capacity 6180K, committed 6272K, reserved 1048576K
}

