# JRE version: Java(TM) SE Runtime Environment (8.0_101-b13) (build 1.8.0_101-b13)
# Java VM: Java HotSpot(TM) 64-Bit Server VM (25.101-b13 mixed mode windows-amd64 compressed oops)
Heap:
 PSYoungGen      total 102400K, used 58128K [0x00000000eab00000, 0x00000000f2000000, 0x0000000100000000)
  eden space 91136K, 63% used [0x00000000eab00000,0x00000000ee3c40b8,0x00000000f0400000)
  from space 11264K, 0% used [0x00000000f0f00000,0x00000000f0f00000,0x00000000f1a00000)
  to   space 11264K, 0% used [0x00000000f0400000,0x00000000f0400000,0x00000000f0f00000)
 ParOldGen       total 95232K, used 15280K [0x00000000c0000000, 0x00000000c5d00000, 0x00000000eab00000)
  object space 95232K, 16% used [0x00000000c0000000,0x00000000c0eec200,0x00000000c5d00000)
 Metaspace       used 36743K, capacity 37644K, committed 37888K, reserved 1081344K
  class space    used 5033K, capacity 5284K, committed 5376K, reserved 1048576K
GC Heap History (10 events):
Event: 13.859 GC heap before
{Heap before GC invocations=8 (full 1):
 PSYoungGen      total 59392K, used 53741K [0x00000000eab00000, 0x00000000eef80000, 0x0000000100000000)
  eden space 48640K, 100% used [0x00000000eab00000,0x00000000eda80000,0x00000000eda80000)
  from space 10752K, 47% used [0x00000000ee500000,0x00000000ee9fb470,0x00000000eef80000)
  to   space 10752K, 0% used [0x00000000eda80000,0x00000000eda80000,0x00000000ee500000)
 ParOldGen       total 67072K, used 9175K [0x00000000c0000000, 0x00000000c4180000, 0x00000000eab00000)
  object space 67072K, 13% used [0x00000000c0000000,0x00000000c08f5c98,0x00000000c4180000)
 Metaspace       used 28766K, capacity 29488K, committed 29568K, reserved 1075200K
  class space    used 4020K, capacity 4208K, committed 4224K, reserved 1048576K
Event: 13.874 GC heap after
Heap after GC invocations=8 (full 1):
 PSYoungGen      total 59392K, used 5894K [0x00000000eab00000, 0x00000000f0400000, 0x0000000100000000)
  eden space 48640K, 0% used [0x00000000eab00000,0x00000000eab00000,0x00000000eda80000)
  from space 10752K, 54% used [0x00000000eda80000,0x00000000ee041910,0x00000000ee500000)
  to   space 10240K, 0% used [0x00000000efa00000,0x00000000efa00000,0x00000000f0400000)
 ParOldGen       total 67072K, used 9183K [0x00000000c0000000, 0x00000000c4180000, 0x00000000eab00000)
  object space 67072K, 13% used [0x00000000c0000000,0x00000000c08f7c98,0x00000000c4180000)
 Metaspace       used 28766K, capacity 29488K, committed 29568K, reserved 1075200K
  class space    used 4020K, capacity 4208K, committed 4224K, reserved 1048576K
}
Event: 14.872 GC heap before
{Heap before GC invocations=9 (full 1):
 PSYoungGen      total 59392K, used 54534K [0x00000000eab00000, 0x00000000f0400000, 0x0000000100000000)
  eden space 48640K, 100% used [0x00000000eab00000,0x00000000eda80000,0x00000000eda80000)
  from space 10752K, 54% used [0x00000000eda80000,0x00000000ee041910,0x00000000ee500000)
  to   space 10240K, 0% used [0x00000000efa00000,0x00000000efa00000,0x00000000f0400000)
 ParOldGen       total 67072K, used 9183K [0x00000000c0000000, 0x00000000c4180000, 0x00000000eab00000)
  object space 67072K, 13% used [0x00000000c0000000,0x00000000c08f7c98,0x00000000c4180000)
 Metaspace       used 29047K, capacity 29744K, committed 29824K, reserved 1075200K
  class space    used 4021K, capacity 4208K, committed 4224K, reserved 1048576K
Event: 14.888 GC heap after
Heap after GC invocations=9 (full 1):
 PSYoungGen      total 81408K, used 5024K [0x00000000eab00000, 0x00000000f0400000, 0x0000000100000000)
  eden space 71168K, 0% used [0x00000000eab00000,0x00000000eab00000,0x00000000ef080000)
  from space 10240K, 49% used [0x00000000efa00000,0x00000000efee8020,0x00000000f0400000)
  to   space 9728K, 0% used [0x00000000ef080000,0x00000000ef080000,0x00000000efa00000)
 ParOldGen       total 67072K, used 9191K [0x00000000c0000000, 0x00000000c4180000, 0x00000000eab00000)
  object space 67072K, 13% used [0x00000000c0000000,0x00000000c08f9c98,0x00000000c4180000)
 Metaspace       used 29047K, capacity 29744K, committed 29824K, reserved 1075200K
  class space    used 4021K, capacity 4208K, committed 4224K, reserved 1048576K
}
Event: 17.172 GC heap before
{Heap before GC invocations=10 (full 1):
 PSYoungGen      total 81408K, used 76192K [0x00000000eab00000, 0x00000000f0400000, 0x0000000100000000)
  eden space 71168K, 100% used [0x00000000eab00000,0x00000000ef080000,0x00000000ef080000)
  from space 10240K, 49% used [0x00000000efa00000,0x00000000efee8020,0x00000000f0400000)
  to   space 9728K, 0% used [0x00000000ef080000,0x00000000ef080000,0x00000000efa00000)
 ParOldGen       total 67072K, used 9191K [0x00000000c0000000, 0x00000000c4180000, 0x00000000eab00000)
  object space 67072K, 13% used [0x00000000c0000000,0x00000000c08f9c98,0x00000000c4180000)
 Metaspace       used 33561K, capacity 34368K, committed 34560K, reserved 1079296K
  class space    used 4603K, capacity 4817K, committed 4864K, reserved 1048576K
Event: 17.196 GC heap after
Heap after GC invocations=10 (full 1):
 PSYoungGen      total 80896K, used 9703K [0x00000000eab00000, 0x00000000f1a00000, 0x0000000100000000)
  eden space 71168K, 0% used [0x00000000eab00000,0x00000000eab00000,0x00000000ef080000)
  from space 9728K, 99% used [0x00000000ef080000,0x00000000ef9f9d38,0x00000000efa00000)
  to   space 11264K, 0% used [0x00000000f0f00000,0x00000000f0f00000,0x00000000f1a00000)
 ParOldGen       total 67072K, used 9796K [0x00000000c0000000, 0x00000000c4180000, 0x00000000eab00000)
  object space 67072K, 14% used [0x00000000c0000000,0x00000000c0991338,0x00000000c4180000)
 Metaspace       used 33561K, capacity 34368K, committed 34560K, reserved 1079296K
  class space    used 4603K, capacity 4817K, committed 4864K, reserved 1048576K
}
Event: 17.613 GC heap before
{Heap before GC invocations=11 (full 1):
 PSYoungGen      total 80896K, used 19394K [0x00000000eab00000, 0x00000000f1a00000, 0x0000000100000000)
  eden space 71168K, 13% used [0x00000000eab00000,0x00000000eb476c88,0x00000000ef080000)
  from space 9728K, 99% used [0x00000000ef080000,0x00000000ef9f9d38,0x00000000efa00000)
  to   space 11264K, 0% used [0x00000000f0f00000,0x00000000f0f00000,0x00000000f1a00000)
 ParOldGen       total 67072K, used 9796K [0x00000000c0000000, 0x00000000c4180000, 0x00000000eab00000)
  object space 67072K, 14% used [0x00000000c0000000,0x00000000c0991338,0x00000000c4180000)
 Metaspace       used 34536K, capacity 35250K, committed 35456K, reserved 1079296K
  class space    used 4740K, capacity 4916K, committed 4992K, reserved 1048576K
Event: 17.635 GC heap after
Heap after GC invocations=11 (full 1):
 PSYoungGen      total 102400K, used 7630K [0x00000000eab00000, 0x00000000f2000000, 0x0000000100000000)
  eden space 91136K, 0% used [0x00000000eab00000,0x00000000eab00000,0x00000000f0400000)
  from space 11264K, 67% used [0x00000000f0f00000,0x00000000f16739d8,0x00000000f1a00000)
  to   space 11264K, 0% used [0x00000000f0400000,0x00000000f0400000,0x00000000f0f00000)
 ParOldGen       total 67072K, used 9804K [0x00000000c0000000, 0x00000000c4180000, 0x00000000eab00000)
  object space 67072K, 14% used [0x00000000c0000000,0x00000000c0993338,0x00000000c4180000)
 Metaspace       used 34536K, capacity 35250K, committed 35456K, reserved 1079296K
  class space    used 4740K, capacity 4916K, committed 4992K, reserved 1048576K
}
Event: 17.635 GC heap before
{Heap before GC invocations=12 (full 2):
 PSYoungGen      total 102400K, used 7630K [0x00000000eab00000, 0x00000000f2000000, 0x0000000100000000)
  eden space 91136K, 0% used [0x00000000eab00000,0x00000000eab00000,0x00000000f0400000)
  from space 11264K, 67% used [0x00000000f0f00000,0x00000000f16739d8,0x00000000f1a00000)
  to   space 11264K, 0% used [0x00000000f0400000,0x00000000f0400000,0x00000000f0f00000)
 ParOldGen       total 67072K, used 9804K [0x00000000c0000000, 0x00000000c4180000, 0x00000000eab00000)
  object space 67072K, 14% used [0x00000000c0000000,0x00000000c0993338,0x00000000c4180000)
 Metaspace       used 34536K, capacity 35250K, committed 35456K, reserved 1079296K
  class space    used 4740K, capacity 4916K, committed 4992K, reserved 1048576K
Event: 17.788 GC heap after
Heap after GC invocations=12 (full 2):
 PSYoungGen      total 102400K, used 0K [0x00000000eab00000, 0x00000000f2000000, 0x0000000100000000)
  eden space 91136K, 0% used [0x00000000eab00000,0x00000000eab00000,0x00000000f0400000)
  from space 11264K, 0% used [0x00000000f0f00000,0x00000000f0f00000,0x00000000f1a00000)
  to   space 11264K, 0% used [0x00000000f0400000,0x00000000f0400000,0x00000000f0f00000)
 ParOldGen       total 95232K, used 15280K [0x00000000c0000000, 0x00000000c5d00000, 0x00000000eab00000)
  object space 95232K, 16% used [0x00000000c0000000,0x00000000c0eec200,0x00000000c5d00000)
 Metaspace       used 34536K, capacity 35250K, committed 35456K, reserved 1079296K
  class space    used 4740K, capacity 4916K, committed 4992K, reserved 1048576K
}

