# JRE version: Java(TM) SE Runtime Environment (8.0_101-b13) (build 1.8.0_101-b13)
# Java VM: Java HotSpot(TM) 64-Bit Server VM (25.101-b13 mixed mode windows-amd64 compressed oops)
Heap:
 PSYoungGen      total 66560K, used 57581K [0x00000000d5f00000, 0x00000000dee80000, 0x0000000100000000)
  eden space 61440K, 85% used [0x00000000d5f00000,0x00000000d923e2b8,0x00000000d9b00000)
  from space 5120K, 99% used [0x00000000da500000,0x00000000da9fd278,0x00000000daa00000)
  to   space 10240K, 0% used [0x00000000d9b00000,0x00000000d9b00000,0x00000000da500000)
 ParOldGen       total 52736K, used 11820K [0x0000000081c00000, 0x0000000084f80000, 0x00000000d5f00000)
  object space 52736K, 22% used [0x0000000081c00000,0x000000008278b260,0x0000000084f80000)
 Metaspace       used 30378K, capacity 30886K, committed 31232K, reserved 1077248K
  class space    used 4114K, capacity 4295K, committed 4352K, reserved 1048576K
GC Heap History (10 events):
Event: 4.283 GC heap before
{Heap before GC invocations=3 (full 0):
 PSYoungGen      total 38400K, used 38275K [0x00000000d5f00000, 0x00000000d8980000, 0x0000000100000000)
  eden space 33280K, 99% used [0x00000000d5f00000,0x00000000d7f66b38,0x00000000d7f80000)
  from space 5120K, 99% used [0x00000000d8480000,0x00000000d897a2b8,0x00000000d8980000)
  to   space 5120K, 0% used [0x00000000d7f80000,0x00000000d7f80000,0x00000000d8480000)
 ParOldGen       total 87552K, used 101K [0x0000000081c00000, 0x0000000087180000, 0x00000000d5f00000)
  object space 87552K, 0% used [0x0000000081c00000,0x0000000081c19758,0x0000000087180000)
 Metaspace       used 17281K, capacity 17530K, committed 17664K, reserved 1064960K
  class space    used 2372K, capacity 2476K, committed 2560K, reserved 1048576K
Event: 4.333 GC heap after
Heap after GC invocations=3 (full 0):
 PSYoungGen      total 38400K, used 5103K [0x00000000d5f00000, 0x00000000daa00000, 0x0000000100000000)
  eden space 33280K, 0% used [0x00000000d5f00000,0x00000000d5f00000,0x00000000d7f80000)
  from space 5120K, 99% used [0x00000000d7f80000,0x00000000d847bc20,0x00000000d8480000)
  to   space 5120K, 0% used [0x00000000da500000,0x00000000da500000,0x00000000daa00000)
 ParOldGen       total 87552K, used 4373K [0x0000000081c00000, 0x0000000087180000, 0x00000000d5f00000)
  object space 87552K, 4% used [0x0000000081c00000,0x0000000082045508,0x0000000087180000)
 Metaspace       used 17281K, capacity 17530K, committed 17664K, reserved 1064960K
  class space    used 2372K, capacity 2476K, committed 2560K, reserved 1048576K
}
Event: 5.549 GC heap before
{Heap before GC invocations=4 (full 0):
 PSYoungGen      total 38400K, used 38383K [0x00000000d5f00000, 0x00000000daa00000, 0x0000000100000000)
  eden space 33280K, 100% used [0x00000000d5f00000,0x00000000d7f80000,0x00000000d7f80000)
  from space 5120K, 99% used [0x00000000d7f80000,0x00000000d847bc20,0x00000000d8480000)
  to   space 5120K, 0% used [0x00000000da500000,0x00000000da500000,0x00000000daa00000)
 ParOldGen       total 87552K, used 4373K [0x0000000081c00000, 0x0000000087180000, 0x00000000d5f00000)
  object space 87552K, 4% used [0x0000000081c00000,0x0000000082045508,0x0000000087180000)
 Metaspace       used 20871K, capacity 21122K, committed 21248K, reserved 1067008K
  class space    used 2871K, capacity 2966K, committed 3072K, reserved 1048576K
Event: 5.571 GC heap after
Heap after GC invocations=4 (full 0):
 PSYoungGen      total 71680K, used 5088K [0x00000000d5f00000, 0x00000000daa00000, 0x0000000100000000)
  eden space 66560K, 0% used [0x00000000d5f00000,0x00000000d5f00000,0x00000000da000000)
  from space 5120K, 99% used [0x00000000da500000,0x00000000da9f8050,0x00000000daa00000)
  to   space 5120K, 0% used [0x00000000da000000,0x00000000da000000,0x00000000da500000)
 ParOldGen       total 87552K, used 8278K [0x0000000081c00000, 0x0000000087180000, 0x00000000d5f00000)
  object space 87552K, 9% used [0x0000000081c00000,0x0000000082415930,0x0000000087180000)
 Metaspace       used 20871K, capacity 21122K, committed 21248K, reserved 1067008K
  class space    used 2871K, capacity 2966K, committed 3072K, reserved 1048576K
}
Event: 5.579 GC heap before
{Heap before GC invocations=5 (full 0):
 PSYoungGen      total 71680K, used 6398K [0x00000000d5f00000, 0x00000000daa00000, 0x0000000100000000)
  eden space 66560K, 1% used [0x00000000d5f00000,0x00000000d6047a80,0x00000000da000000)
  from space 5120K, 99% used [0x00000000da500000,0x00000000da9f8050,0x00000000daa00000)
  to   space 5120K, 0% used [0x00000000da000000,0x00000000da000000,0x00000000da500000)
 ParOldGen       total 87552K, used 8278K [0x0000000081c00000, 0x0000000087180000, 0x00000000d5f00000)
  object space 87552K, 9% used [0x0000000081c00000,0x0000000082415930,0x0000000087180000)
 Metaspace       used 20873K, capacity 21122K, committed 21248K, reserved 1067008K
  class space    used 2871K, capacity 2966K, committed 3072K, reserved 1048576K
Event: 5.592 GC heap after
Heap after GC invocations=5 (full 0):
 PSYoungGen      total 71680K, used 5088K [0x00000000d5f00000, 0x00000000daa00000, 0x0000000100000000)
  eden space 66560K, 0% used [0x00000000d5f00000,0x00000000d5f00000,0x00000000da000000)
  from space 5120K, 99% used [0x00000000da000000,0x00000000da4f8070,0x00000000da500000)
  to   space 5120K, 0% used [0x00000000da500000,0x00000000da500000,0x00000000daa00000)
 ParOldGen       total 87552K, used 8294K [0x0000000081c00000, 0x0000000087180000, 0x00000000d5f00000)
  object space 87552K, 9% used [0x0000000081c00000,0x0000000082419930,0x0000000087180000)
 Metaspace       used 20873K, capacity 21122K, committed 21248K, reserved 1067008K
  class space    used 2871K, capacity 2966K, committed 3072K, reserved 1048576K
}
Event: 5.592 GC heap before
{Heap before GC invocations=6 (full 1):
 PSYoungGen      total 71680K, used 5088K [0x00000000d5f00000, 0x00000000daa00000, 0x0000000100000000)
  eden space 66560K, 0% used [0x00000000d5f00000,0x00000000d5f00000,0x00000000da000000)
  from space 5120K, 99% used [0x00000000da000000,0x00000000da4f8070,0x00000000da500000)
  to   space 5120K, 0% used [0x00000000da500000,0x00000000da500000,0x00000000daa00000)
 ParOldGen       total 87552K, used 8294K [0x0000000081c00000, 0x0000000087180000, 0x00000000d5f00000)
  object space 87552K, 9% used [0x0000000081c00000,0x0000000082419930,0x0000000087180000)
 Metaspace       used 20873K, capacity 21122K, committed 21248K, reserved 1067008K
  class space    used 2871K, capacity 2966K, committed 3072K, reserved 1048576K
Event: 5.676 GC heap after
Heap after GC invocations=6 (full 1):
 PSYoungGen      total 71680K, used 0K [0x00000000d5f00000, 0x00000000daa00000, 0x0000000100000000)
  eden space 66560K, 0% used [0x00000000d5f00000,0x00000000d5f00000,0x00000000da000000)
  from space 5120K, 0% used [0x00000000da000000,0x00000000da000000,0x00000000da500000)
  to   space 5120K, 0% used [0x00000000da500000,0x00000000da500000,0x00000000daa00000)
 ParOldGen       total 52736K, used 10518K [0x0000000081c00000, 0x0000000084f80000, 0x00000000d5f00000)
  object space 52736K, 19% used [0x0000000081c00000,0x0000000082645a60,0x0000000084f80000)
 Metaspace       used 20873K, capacity 21122K, committed 21248K, reserved 1067008K
  class space    used 2871K, capacity 2966K, committed 3072K, reserved 1048576K
}
Event: 7.642 GC heap before
{Heap before GC invocations=7 (full 1):
 PSYoungGen      total 71680K, used 66560K [0x00000000d5f00000, 0x00000000daa00000, 0x0000000100000000)
  eden space 66560K, 100% used [0x00000000d5f00000,0x00000000da000000,0x00000000da000000)
  from space 5120K, 0% used [0x00000000da000000,0x00000000da000000,0x00000000da500000)
  to   space 5120K, 0% used [0x00000000da500000,0x00000000da500000,0x00000000daa00000)
 ParOldGen       total 52736K, used 10518K [0x0000000081c00000, 0x0000000084f80000, 0x00000000d5f00000)
  object space 52736K, 19% used [0x0000000081c00000,0x0000000082645a60,0x0000000084f80000)
 Metaspace       used 26554K, capacity 27004K, committed 27264K, reserved 1073152K
  class space    used 3714K, capacity 3884K, committed 3968K, reserved 1048576K
Event: 7.651 GC heap after
Heap after GC invocations=7 (full 1):
 PSYoungGen      total 66560K, used 5108K [0x00000000d5f00000, 0x00000000dee80000, 0x0000000100000000)
  eden space 61440K, 0% used [0x00000000d5f00000,0x00000000d5f00000,0x00000000d9b00000)
  from space 5120K, 99% used [0x00000000da500000,0x00000000da9fd278,0x00000000daa00000)
  to   space 10240K, 0% used [0x00000000d9b00000,0x00000000d9b00000,0x00000000da500000)
 ParOldGen       total 52736K, used 11820K [0x0000000081c00000, 0x0000000084f80000, 0x00000000d5f00000)
  object space 52736K, 22% used [0x0000000081c00000,0x000000008278b260,0x0000000084f80000)
 Metaspace       used 26554K, capacity 27004K, committed 27264K, reserved 1073152K
  class space    used 3714K, capacity 3884K, committed 3968K, reserved 1048576K
}

