# JRE version: Java(TM) SE Runtime Environment (8.0_101-b13) (build 1.8.0_101-b13)
# Java VM: Java HotSpot(TM) 64-Bit Server VM (25.101-b13 mixed mode windows-amd64 compressed oops)
Heap:
 PSYoungGen      total 193536K, used 23435K [0x00000000eab00000, 0x00000000f9f00000, 0x0000000100000000)
  eden space 151040K, 15% used [0x00000000eab00000,0x00000000ec1e2c58,0x00000000f3e80000)
  from space 42496K, 0% used [0x00000000f3e80000,0x00000000f3e80000,0x00000000f6800000)
  to   space 28672K, 0% used [0x00000000f6800000,0x00000000f6800000,0x00000000f8400000)
 ParOldGen       total 116736K, used 113534K [0x00000000c0000000, 0x00000000c7200000, 0x00000000eab00000)
  object space 116736K, 97% used [0x00000000c0000000,0x00000000c6edfac8,0x00000000c7200000)
 Metaspace       used 68550K, capacity 71318K, committed 71680K, reserved 1112064K
  class space    used 9188K, capacity 9881K, committed 9984K, reserved 1048576K
GC Heap History (10 events):
Event: 103.838 GC heap before
{Heap before GC invocations=21 (full 3):
 PSYoungGen      total 156160K, used 141547K [0x00000000eab00000, 0x00000000f7600000, 0x0000000100000000)
  eden space 131072K, 100% used [0x00000000eab00000,0x00000000f2b00000,0x00000000f2b00000)
  from space 25088K, 41% used [0x00000000f2b00000,0x00000000f353adf0,0x00000000f4380000)
  to   space 23552K, 0% used [0x00000000f5f00000,0x00000000f5f00000,0x00000000f7600000)
 ParOldGen       total 102912K, used 45594K [0x00000000c0000000, 0x00000000c6480000, 0x00000000eab00000)
  object space 102912K, 44% used [0x00000000c0000000,0x00000000c2c86aa8,0x00000000c6480000)
 Metaspace       used 56763K, capacity 59172K, committed 59392K, reserved 1099776K
  class space    used 7793K, capacity 8399K, committed 8448K, reserved 1048576K
Event: 103.857 GC heap after
Heap after GC invocations=21 (full 3):
 PSYoungGen      total 155648K, used 7456K [0x00000000eab00000, 0x00000000f6700000, 0x0000000100000000)
  eden space 147456K, 0% used [0x00000000eab00000,0x00000000eab00000,0x00000000f3b00000)
  from space 8192K, 91% used [0x00000000f5f00000,0x00000000f6648000,0x00000000f6700000)
  to   space 22528K, 0% used [0x00000000f3b00000,0x00000000f3b00000,0x00000000f5100000)
 ParOldGen       total 102912K, used 45602K [0x00000000c0000000, 0x00000000c6480000, 0x00000000eab00000)
  object space 102912K, 44% used [0x00000000c0000000,0x00000000c2c88aa8,0x00000000c6480000)
 Metaspace       used 56763K, capacity 59172K, committed 59392K, reserved 1099776K
  class space    used 7793K, capacity 8399K, committed 8448K, reserved 1048576K
}
Event: 112.234 GC heap before
{Heap before GC invocations=22 (full 3):
 PSYoungGen      total 155648K, used 154912K [0x00000000eab00000, 0x00000000f6700000, 0x0000000100000000)
  eden space 147456K, 100% used [0x00000000eab00000,0x00000000f3b00000,0x00000000f3b00000)
  from space 8192K, 91% used [0x00000000f5f00000,0x00000000f6648000,0x00000000f6700000)
  to   space 22528K, 0% used [0x00000000f3b00000,0x00000000f3b00000,0x00000000f5100000)
 ParOldGen       total 102912K, used 45602K [0x00000000c0000000, 0x00000000c6480000, 0x00000000eab00000)
  object space 102912K, 44% used [0x00000000c0000000,0x00000000c2c88aa8,0x00000000c6480000)
 Metaspace       used 61596K, capacity 64034K, committed 64256K, reserved 1103872K
  class space    used 8362K, capacity 8940K, committed 8960K, reserved 1048576K
Event: 112.283 GC heap after
Heap after GC invocations=22 (full 3):
 PSYoungGen      total 169984K, used 22512K [0x00000000eab00000, 0x00000000f8400000, 0x0000000100000000)
  eden space 147456K, 0% used [0x00000000eab00000,0x00000000eab00000,0x00000000f3b00000)
  from space 22528K, 99% used [0x00000000f3b00000,0x00000000f50fc288,0x00000000f5100000)
  to   space 28672K, 0% used [0x00000000f6800000,0x00000000f6800000,0x00000000f8400000)
 ParOldGen       total 102912K, used 52179K [0x00000000c0000000, 0x00000000c6480000, 0x00000000eab00000)
  object space 102912K, 50% used [0x00000000c0000000,0x00000000c32f4ca8,0x00000000c6480000)
 Metaspace       used 61596K, capacity 64034K, committed 64256K, reserved 1103872K
  class space    used 8362K, capacity 8940K, committed 8960K, reserved 1048576K
}
Event: 122.515 GC heap before
{Heap before GC invocations=23 (full 3):
 PSYoungGen      total 169984K, used 169968K [0x00000000eab00000, 0x00000000f8400000, 0x0000000100000000)
  eden space 147456K, 100% used [0x00000000eab00000,0x00000000f3b00000,0x00000000f3b00000)
  from space 22528K, 99% used [0x00000000f3b00000,0x00000000f50fc288,0x00000000f5100000)
  to   space 28672K, 0% used [0x00000000f6800000,0x00000000f6800000,0x00000000f8400000)
 ParOldGen       total 102912K, used 52179K [0x00000000c0000000, 0x00000000c6480000, 0x00000000eab00000)
  object space 102912K, 50% used [0x00000000c0000000,0x00000000c32f4ca8,0x00000000c6480000)
 Metaspace       used 66842K, capacity 69590K, committed 69888K, reserved 1110016K
  class space    used 8978K, capacity 9693K, committed 9728K, reserved 1048576K
Event: 122.607 GC heap after
Heap after GC invocations=23 (full 3):
 PSYoungGen      total 179712K, used 28671K [0x00000000eab00000, 0x00000000f9f00000, 0x0000000100000000)
  eden space 151040K, 0% used [0x00000000eab00000,0x00000000eab00000,0x00000000f3e80000)
  from space 28672K, 99% used [0x00000000f6800000,0x00000000f83ffea0,0x00000000f8400000)
  to   space 42496K, 0% used [0x00000000f3e80000,0x00000000f3e80000,0x00000000f6800000)
 ParOldGen       total 102912K, used 77450K [0x00000000c0000000, 0x00000000c6480000, 0x00000000eab00000)
  object space 102912K, 75% used [0x00000000c0000000,0x00000000c4ba2908,0x00000000c6480000)
 Metaspace       used 66842K, capacity 69590K, committed 69888K, reserved 1110016K
  class space    used 8978K, capacity 9693K, committed 9728K, reserved 1048576K
}
Event: 130.219 GC heap before
{Heap before GC invocations=24 (full 3):
 PSYoungGen      total 179712K, used 179711K [0x00000000eab00000, 0x00000000f9f00000, 0x0000000100000000)
  eden space 151040K, 100% used [0x00000000eab00000,0x00000000f3e80000,0x00000000f3e80000)
  from space 28672K, 99% used [0x00000000f6800000,0x00000000f83ffea0,0x00000000f8400000)
  to   space 42496K, 0% used [0x00000000f3e80000,0x00000000f3e80000,0x00000000f6800000)
 ParOldGen       total 102912K, used 77450K [0x00000000c0000000, 0x00000000c6480000, 0x00000000eab00000)
  object space 102912K, 75% used [0x00000000c0000000,0x00000000c4ba2908,0x00000000c6480000)
 Metaspace       used 68764K, capacity 71572K, committed 71680K, reserved 1112064K
  class space    used 9213K, capacity 9922K, committed 9984K, reserved 1048576K
Event: 130.355 GC heap after
Heap after GC invocations=24 (full 3):
 PSYoungGen      total 193536K, used 42477K [0x00000000eab00000, 0x00000000f9f00000, 0x0000000100000000)
  eden space 151040K, 0% used [0x00000000eab00000,0x00000000eab00000,0x00000000f3e80000)
  from space 42496K, 99% used [0x00000000f3e80000,0x00000000f67fb6c0,0x00000000f6800000)
  to   space 28672K, 0% used [0x00000000f6800000,0x00000000f6800000,0x00000000f8400000)
 ParOldGen       total 116736K, used 116351K [0x00000000c0000000, 0x00000000c7200000, 0x00000000eab00000)
  object space 116736K, 99% used [0x00000000c0000000,0x00000000c719fec8,0x00000000c7200000)
 Metaspace       used 68764K, capacity 71572K, committed 71680K, reserved 1112064K
  class space    used 9213K, capacity 9922K, committed 9984K, reserved 1048576K
}
Event: 130.356 GC heap before
{Heap before GC invocations=25 (full 4):
 PSYoungGen      total 193536K, used 42477K [0x00000000eab00000, 0x00000000f9f00000, 0x0000000100000000)
  eden space 151040K, 0% used [0x00000000eab00000,0x00000000eab00000,0x00000000f3e80000)
  from space 42496K, 99% used [0x00000000f3e80000,0x00000000f67fb6c0,0x00000000f6800000)
  to   space 28672K, 0% used [0x00000000f6800000,0x00000000f6800000,0x00000000f8400000)
 ParOldGen       total 116736K, used 116351K [0x00000000c0000000, 0x00000000c7200000, 0x00000000eab00000)
  object space 116736K, 99% used [0x00000000c0000000,0x00000000c719fec8,0x00000000c7200000)
 Metaspace       used 68764K, capacity 71572K, committed 71680K, reserved 1112064K
  class space    used 9213K, capacity 9922K, committed 9984K, reserved 1048576K
Event: 131.146 GC heap after
Heap after GC invocations=25 (full 4):
 PSYoungGen      total 193536K, used 0K [0x00000000eab00000, 0x00000000f9f00000, 0x0000000100000000)
  eden space 151040K, 0% used [0x00000000eab00000,0x00000000eab00000,0x00000000f3e80000)
  from space 42496K, 0% used [0x00000000f3e80000,0x00000000f3e80000,0x00000000f6800000)
  to   space 28672K, 0% used [0x00000000f6800000,0x00000000f6800000,0x00000000f8400000)
 ParOldGen       total 116736K, used 113534K [0x00000000c0000000, 0x00000000c7200000, 0x00000000eab00000)
  object space 116736K, 97% used [0x00000000c0000000,0x00000000c6edfac8,0x00000000c7200000)
 Metaspace       used 68534K, capacity 71318K, committed 71680K, reserved 1112064K
  class space    used 9187K, capacity 9881K, committed 9984K, reserved 1048576K
}

