# JRE version: Java(TM) SE Runtime Environment (8.0_101-b13) (build 1.8.0_101-b13)
# Java VM: Java HotSpot(TM) 64-Bit Server VM (25.101-b13 mixed mode windows-amd64 compressed oops)
Heap:
 PSYoungGen      total 101376K, used 89004K [0x00000000eab00000, 0x00000000f3200000, 0x0000000100000000)
  eden space 89088K, 86% used [0x00000000eab00000,0x00000000ef5ecf28,0x00000000f0200000)
  from space 12288K, 99% used [0x00000000f0200000,0x00000000f0dfe250,0x00000000f0e00000)
  to   space 14336K, 0% used [0x00000000f2400000,0x00000000f2400000,0x00000000f3200000)
 ParOldGen       total 104960K, used 16550K [0x00000000c0000000, 0x00000000c6680000, 0x00000000eab00000)
  object space 104960K, 15% used [0x00000000c0000000,0x00000000c1029960,0x00000000c6680000)
 Metaspace       used 48700K, capacity 50086K, committed 50304K, reserved 1093632K
  class space    used 6638K, capacity 6979K, committed 7040K, reserved 1048576K
GC Heap History (10 events):
Event: 23.345 GC heap before
{Heap before GC invocations=11 (full 1):
 PSYoungGen      total 69632K, used 36310K [0x00000000eab00000, 0x00000000f0680000, 0x0000000100000000)
  eden space 59904K, 44% used [0x00000000eab00000,0x00000000ec4f9f78,0x00000000ee580000)
  from space 9728K, 99% used [0x00000000ee580000,0x00000000eeefbb78,0x00000000eef00000)
  to   space 10752K, 0% used [0x00000000efc00000,0x00000000efc00000,0x00000000f0680000)
 ParOldGen       total 68096K, used 8626K [0x00000000c0000000, 0x00000000c4280000, 0x00000000eab00000)
  object space 68096K, 12% used [0x00000000c0000000,0x00000000c086c898,0x00000000c4280000)
 Metaspace       used 34547K, capacity 35124K, committed 35456K, reserved 1079296K
  class space    used 4726K, capacity 4881K, committed 4992K, reserved 1048576K
Event: 23.365 GC heap after
Heap after GC invocations=11 (full 1):
 PSYoungGen      total 82432K, used 8197K [0x00000000eab00000, 0x00000000f0c80000, 0x0000000100000000)
  eden space 71680K, 0% used [0x00000000eab00000,0x00000000eab00000,0x00000000ef100000)
  from space 10752K, 76% used [0x00000000efc00000,0x00000000f04017c0,0x00000000f0680000)
  to   space 11264K, 0% used [0x00000000ef100000,0x00000000ef100000,0x00000000efc00000)
 ParOldGen       total 68096K, used 8634K [0x00000000c0000000, 0x00000000c4280000, 0x00000000eab00000)
  object space 68096K, 12% used [0x00000000c0000000,0x00000000c086e898,0x00000000c4280000)
 Metaspace       used 34547K, capacity 35124K, committed 35456K, reserved 1079296K
  class space    used 4726K, capacity 4881K, committed 4992K, reserved 1048576K
}
Event: 23.365 GC heap before
{Heap before GC invocations=12 (full 2):
 PSYoungGen      total 82432K, used 8197K [0x00000000eab00000, 0x00000000f0c80000, 0x0000000100000000)
  eden space 71680K, 0% used [0x00000000eab00000,0x00000000eab00000,0x00000000ef100000)
  from space 10752K, 76% used [0x00000000efc00000,0x00000000f04017c0,0x00000000f0680000)
  to   space 11264K, 0% used [0x00000000ef100000,0x00000000ef100000,0x00000000efc00000)
 ParOldGen       total 68096K, used 8634K [0x00000000c0000000, 0x00000000c4280000, 0x00000000eab00000)
  object space 68096K, 12% used [0x00000000c0000000,0x00000000c086e898,0x00000000c4280000)
 Metaspace       used 34547K, capacity 35124K, committed 35456K, reserved 1079296K
  class space    used 4726K, capacity 4881K, committed 4992K, reserved 1048576K
Event: 23.605 GC heap after
Heap after GC invocations=12 (full 2):
 PSYoungGen      total 82432K, used 0K [0x00000000eab00000, 0x00000000f0c80000, 0x0000000100000000)
  eden space 71680K, 0% used [0x00000000eab00000,0x00000000eab00000,0x00000000ef100000)
  from space 10752K, 0% used [0x00000000efc00000,0x00000000efc00000,0x00000000f0680000)
  to   space 11264K, 0% used [0x00000000ef100000,0x00000000ef100000,0x00000000efc00000)
 ParOldGen       total 104960K, used 14977K [0x00000000c0000000, 0x00000000c6680000, 0x00000000eab00000)
  object space 104960K, 14% used [0x00000000c0000000,0x00000000c0ea0730,0x00000000c6680000)
 Metaspace       used 34547K, capacity 35124K, committed 35456K, reserved 1079296K
  class space    used 4726K, capacity 4881K, committed 4992K, reserved 1048576K
}
Event: 26.951 GC heap before
{Heap before GC invocations=13 (full 2):
 PSYoungGen      total 82432K, used 71680K [0x00000000eab00000, 0x00000000f0c80000, 0x0000000100000000)
  eden space 71680K, 100% used [0x00000000eab00000,0x00000000ef100000,0x00000000ef100000)
  from space 10752K, 0% used [0x00000000efc00000,0x00000000efc00000,0x00000000f0680000)
  to   space 11264K, 0% used [0x00000000ef100000,0x00000000ef100000,0x00000000efc00000)
 ParOldGen       total 104960K, used 14977K [0x00000000c0000000, 0x00000000c6680000, 0x00000000eab00000)
  object space 104960K, 14% used [0x00000000c0000000,0x00000000c0ea0730,0x00000000c6680000)
 Metaspace       used 39246K, capacity 40048K, committed 40320K, reserved 1083392K
  class space    used 5441K, capacity 5637K, committed 5760K, reserved 1048576K
Event: 26.993 GC heap after
Heap after GC invocations=13 (full 2):
 PSYoungGen      total 82944K, used 8551K [0x00000000eab00000, 0x00000000f1900000, 0x0000000100000000)
  eden space 71680K, 0% used [0x00000000eab00000,0x00000000eab00000,0x00000000ef100000)
  from space 11264K, 75% used [0x00000000ef100000,0x00000000ef959e70,0x00000000efc00000)
  to   space 11264K, 0% used [0x00000000f0e00000,0x00000000f0e00000,0x00000000f1900000)
 ParOldGen       total 104960K, used 14985K [0x00000000c0000000, 0x00000000c6680000, 0x00000000eab00000)
  object space 104960K, 14% used [0x00000000c0000000,0x00000000c0ea2730,0x00000000c6680000)
 Metaspace       used 39246K, capacity 40048K, committed 40320K, reserved 1083392K
  class space    used 5441K, capacity 5637K, committed 5760K, reserved 1048576K
}
Event: 29.921 GC heap before
{Heap before GC invocations=14 (full 2):
 PSYoungGen      total 82944K, used 80231K [0x00000000eab00000, 0x00000000f1900000, 0x0000000100000000)
  eden space 71680K, 100% used [0x00000000eab00000,0x00000000ef100000,0x00000000ef100000)
  from space 11264K, 75% used [0x00000000ef100000,0x00000000ef959e70,0x00000000efc00000)
  to   space 11264K, 0% used [0x00000000f0e00000,0x00000000f0e00000,0x00000000f1900000)
 ParOldGen       total 104960K, used 14985K [0x00000000c0000000, 0x00000000c6680000, 0x00000000eab00000)
  object space 104960K, 14% used [0x00000000c0000000,0x00000000c0ea2730,0x00000000c6680000)
 Metaspace       used 42652K, capacity 43434K, committed 43648K, reserved 1087488K
  class space    used 5791K, capacity 6004K, committed 6016K, reserved 1048576K
Event: 29.946 GC heap after
Heap after GC invocations=14 (full 2):
 PSYoungGen      total 100352K, used 10231K [0x00000000eab00000, 0x00000000f1a80000, 0x0000000100000000)
  eden space 89088K, 0% used [0x00000000eab00000,0x00000000eab00000,0x00000000f0200000)
  from space 11264K, 90% used [0x00000000f0e00000,0x00000000f17fde70,0x00000000f1900000)
  to   space 12288K, 0% used [0x00000000f0200000,0x00000000f0200000,0x00000000f0e00000)
 ParOldGen       total 104960K, used 15057K [0x00000000c0000000, 0x00000000c6680000, 0x00000000eab00000)
  object space 104960K, 14% used [0x00000000c0000000,0x00000000c0eb4740,0x00000000c6680000)
 Metaspace       used 42652K, capacity 43434K, committed 43648K, reserved 1087488K
  class space    used 5791K, capacity 6004K, committed 6016K, reserved 1048576K
}
Event: 34.494 GC heap before
{Heap before GC invocations=15 (full 2):
 PSYoungGen      total 100352K, used 99319K [0x00000000eab00000, 0x00000000f1a80000, 0x0000000100000000)
  eden space 89088K, 100% used [0x00000000eab00000,0x00000000f0200000,0x00000000f0200000)
  from space 11264K, 90% used [0x00000000f0e00000,0x00000000f17fde70,0x00000000f1900000)
  to   space 12288K, 0% used [0x00000000f0200000,0x00000000f0200000,0x00000000f0e00000)
 ParOldGen       total 104960K, used 15057K [0x00000000c0000000, 0x00000000c6680000, 0x00000000eab00000)
  object space 104960K, 14% used [0x00000000c0000000,0x00000000c0eb4740,0x00000000c6680000)
 Metaspace       used 45590K, capacity 46740K, committed 46976K, reserved 1089536K
  class space    used 6208K, capacity 6509K, committed 6528K, reserved 1048576K
Event: 34.522 GC heap after
Heap after GC invocations=15 (full 2):
 PSYoungGen      total 101376K, used 12280K [0x00000000eab00000, 0x00000000f3200000, 0x0000000100000000)
  eden space 89088K, 0% used [0x00000000eab00000,0x00000000eab00000,0x00000000f0200000)
  from space 12288K, 99% used [0x00000000f0200000,0x00000000f0dfe250,0x00000000f0e00000)
  to   space 14336K, 0% used [0x00000000f2400000,0x00000000f2400000,0x00000000f3200000)
 ParOldGen       total 104960K, used 16550K [0x00000000c0000000, 0x00000000c6680000, 0x00000000eab00000)
  object space 104960K, 15% used [0x00000000c0000000,0x00000000c1029960,0x00000000c6680000)
 Metaspace       used 45590K, capacity 46740K, committed 46976K, reserved 1089536K
  class space    used 6208K, capacity 6509K, committed 6528K, reserved 1048576K
}

