# JRE version: Java(TM) SE Runtime Environment (8.0_101-b13) (build 1.8.0_101-b13)
# Java VM: Java HotSpot(TM) 64-Bit Server VM (25.101-b13 mixed mode windows-amd64 compressed oops)
Heap:
 PSYoungGen      total 273408K, used 182775K [0x00000000eab00000, 0x0000000100000000, 0x0000000100000000)
  eden space 197632K, 92% used [0x00000000eab00000,0x00000000f5d7dde8,0x00000000f6c00000)
  from space 75776K, 0% used [0x00000000f6c00000,0x00000000f6c00000,0x00000000fb600000)
  to   space 73216K, 0% used [0x00000000fb880000,0x00000000fb880000,0x0000000100000000)
 ParOldGen       total 300544K, used 162512K [0x00000000c0000000, 0x00000000d2580000, 0x00000000eab00000)
  object space 300544K, 54% used [0x00000000c0000000,0x00000000c9eb4240,0x00000000d2580000)
 Metaspace       used 6653K, capacity 7320K, committed 7680K, reserved 1056768K
  class space    used 627K, capacity 656K, committed 768K, reserved 1048576K
GC Heap History (10 events):
Event: 11.351 GC heap before
{Heap before GC invocations=9 (full 0):
 PSYoungGen      total 283648K, used 283641K [0x00000000eab00000, 0x00000000ffc00000, 0x0000000100000000)
  eden space 251392K, 100% used [0x00000000eab00000,0x00000000fa080000,0x00000000fa080000)
  from space 32256K, 99% used [0x00000000fc980000,0x00000000fe8fe7e0,0x00000000fe900000)
  to   space 41984K, 0% used [0x00000000fa080000,0x00000000fa080000,0x00000000fc980000)
 ParOldGen       total 87552K, used 40167K [0x00000000c0000000, 0x00000000c5580000, 0x00000000eab00000)
  object space 87552K, 45% used [0x00000000c0000000,0x00000000c2739de0,0x00000000c5580000)
 Metaspace       used 6622K, capacity 7320K, committed 7680K, reserved 1056768K
  class space    used 627K, capacity 656K, committed 768K, reserved 1048576K
Event: 11.539 GC heap after
Heap after GC invocations=9 (full 0):
 PSYoungGen      total 293376K, used 41973K [0x00000000eab00000, 0x0000000100000000, 0x0000000100000000)
  eden space 251392K, 0% used [0x00000000eab00000,0x00000000eab00000,0x00000000fa080000)
  from space 41984K, 99% used [0x00000000fa080000,0x00000000fc97d598,0x00000000fc980000)
  to   space 55808K, 0% used [0x00000000fc980000,0x00000000fc980000,0x0000000100000000)
 ParOldGen       total 87552K, used 59316K [0x00000000c0000000, 0x00000000c5580000, 0x00000000eab00000)
  object space 87552K, 67% used [0x00000000c0000000,0x00000000c39ed280,0x00000000c5580000)
 Metaspace       used 6622K, capacity 7320K, committed 7680K, reserved 1056768K
  class space    used 627K, capacity 656K, committed 768K, reserved 1048576K
}
Event: 14.222 GC heap before
{Heap before GC invocations=10 (full 0):
 PSYoungGen      total 293376K, used 293365K [0x00000000eab00000, 0x0000000100000000, 0x0000000100000000)
  eden space 251392K, 100% used [0x00000000eab00000,0x00000000fa080000,0x00000000fa080000)
  from space 41984K, 99% used [0x00000000fa080000,0x00000000fc97d598,0x00000000fc980000)
  to   space 55808K, 0% used [0x00000000fc980000,0x00000000fc980000,0x0000000100000000)
 ParOldGen       total 87552K, used 59316K [0x00000000c0000000, 0x00000000c5580000, 0x00000000eab00000)
  object space 87552K, 67% used [0x00000000c0000000,0x00000000c39ed280,0x00000000c5580000)
 Metaspace       used 6629K, capacity 7320K, committed 7680K, reserved 1056768K
  class space    used 627K, capacity 656K, committed 768K, reserved 1048576K
Event: 14.472 GC heap after
Heap after GC invocations=10 (full 0):
 PSYoungGen      total 253440K, used 55806K [0x00000000eab00000, 0x0000000100000000, 0x0000000100000000)
  eden space 197632K, 0% used [0x00000000eab00000,0x00000000eab00000,0x00000000f6c00000)
  from space 55808K, 99% used [0x00000000fc980000,0x00000000fffff8c8,0x0000000100000000)
  to   space 75776K, 0% used [0x00000000f6c00000,0x00000000f6c00000,0x00000000fb600000)
 ParOldGen       total 87552K, used 83831K [0x00000000c0000000, 0x00000000c5580000, 0x00000000eab00000)
  object space 87552K, 95% used [0x00000000c0000000,0x00000000c51ddc50,0x00000000c5580000)
 Metaspace       used 6629K, capacity 7320K, committed 7680K, reserved 1056768K
  class space    used 627K, capacity 656K, committed 768K, reserved 1048576K
}
Event: 14.472 GC heap before
{Heap before GC invocations=11 (full 1):
 PSYoungGen      total 253440K, used 55806K [0x00000000eab00000, 0x0000000100000000, 0x0000000100000000)
  eden space 197632K, 0% used [0x00000000eab00000,0x00000000eab00000,0x00000000f6c00000)
  from space 55808K, 99% used [0x00000000fc980000,0x00000000fffff8c8,0x0000000100000000)
  to   space 75776K, 0% used [0x00000000f6c00000,0x00000000f6c00000,0x00000000fb600000)
 ParOldGen       total 87552K, used 83831K [0x00000000c0000000, 0x00000000c5580000, 0x00000000eab00000)
  object space 87552K, 95% used [0x00000000c0000000,0x00000000c51ddc50,0x00000000c5580000)
 Metaspace       used 6629K, capacity 7320K, committed 7680K, reserved 1056768K
  class space    used 627K, capacity 656K, committed 768K, reserved 1048576K
Event: 17.111 GC heap after
Heap after GC invocations=11 (full 1):
 PSYoungGen      total 253440K, used 45417K [0x00000000eab00000, 0x0000000100000000, 0x0000000100000000)
  eden space 197632K, 0% used [0x00000000eab00000,0x00000000eab00000,0x00000000f6c00000)
  from space 55808K, 81% used [0x00000000fc980000,0x00000000ff5da508,0x0000000100000000)
  to   space 75776K, 0% used [0x00000000f6c00000,0x00000000f6c00000,0x00000000fb600000)
 ParOldGen       total 167936K, used 87168K [0x00000000c0000000, 0x00000000ca400000, 0x00000000eab00000)
  object space 167936K, 51% used [0x00000000c0000000,0x00000000c5520140,0x00000000ca400000)
 Metaspace       used 6629K, capacity 7320K, committed 7680K, reserved 1056768K
  class space    used 627K, capacity 656K, committed 768K, reserved 1048576K
}
Event: 19.196 GC heap before
{Heap before GC invocations=12 (full 1):
 PSYoungGen      total 253440K, used 243049K [0x00000000eab00000, 0x0000000100000000, 0x0000000100000000)
  eden space 197632K, 100% used [0x00000000eab00000,0x00000000f6c00000,0x00000000f6c00000)
  from space 55808K, 81% used [0x00000000fc980000,0x00000000ff5da508,0x0000000100000000)
  to   space 75776K, 0% used [0x00000000f6c00000,0x00000000f6c00000,0x00000000fb600000)
 ParOldGen       total 167936K, used 87168K [0x00000000c0000000, 0x00000000ca400000, 0x00000000eab00000)
  object space 167936K, 51% used [0x00000000c0000000,0x00000000c5520140,0x00000000ca400000)
 Metaspace       used 6646K, capacity 7320K, committed 7680K, reserved 1056768K
  class space    used 627K, capacity 656K, committed 768K, reserved 1048576K
Event: 19.486 GC heap after
Heap after GC invocations=12 (full 1):
 PSYoungGen      total 273408K, used 32479K [0x00000000eab00000, 0x0000000100000000, 0x0000000100000000)
  eden space 197632K, 0% used [0x00000000eab00000,0x00000000eab00000,0x00000000f6c00000)
  from space 75776K, 42% used [0x00000000f6c00000,0x00000000f8bb7f80,0x00000000fb600000)
  to   space 73216K, 0% used [0x00000000fb880000,0x00000000fb880000,0x0000000100000000)
 ParOldGen       total 167936K, used 132357K [0x00000000c0000000, 0x00000000ca400000, 0x00000000eab00000)
  object space 167936K, 78% used [0x00000000c0000000,0x00000000c8141400,0x00000000ca400000)
 Metaspace       used 6646K, capacity 7320K, committed 7680K, reserved 1056768K
  class space    used 627K, capacity 656K, committed 768K, reserved 1048576K
}
Event: 19.486 GC heap before
{Heap before GC invocations=13 (full 2):
 PSYoungGen      total 273408K, used 32479K [0x00000000eab00000, 0x0000000100000000, 0x0000000100000000)
  eden space 197632K, 0% used [0x00000000eab00000,0x00000000eab00000,0x00000000f6c00000)
  from space 75776K, 42% used [0x00000000f6c00000,0x00000000f8bb7f80,0x00000000fb600000)
  to   space 73216K, 0% used [0x00000000fb880000,0x00000000fb880000,0x0000000100000000)
 ParOldGen       total 167936K, used 132357K [0x00000000c0000000, 0x00000000ca400000, 0x00000000eab00000)
  object space 167936K, 78% used [0x00000000c0000000,0x00000000c8141400,0x00000000ca400000)
 Metaspace       used 6646K, capacity 7320K, committed 7680K, reserved 1056768K
  class space    used 627K, capacity 656K, committed 768K, reserved 1048576K
Event: 21.414 GC heap after
Heap after GC invocations=13 (full 2):
 PSYoungGen      total 273408K, used 0K [0x00000000eab00000, 0x0000000100000000, 0x0000000100000000)
  eden space 197632K, 0% used [0x00000000eab00000,0x00000000eab00000,0x00000000f6c00000)
  from space 75776K, 0% used [0x00000000f6c00000,0x00000000f6c00000,0x00000000fb600000)
  to   space 73216K, 0% used [0x00000000fb880000,0x00000000fb880000,0x0000000100000000)
 ParOldGen       total 300544K, used 162512K [0x00000000c0000000, 0x00000000d2580000, 0x00000000eab00000)
  object space 300544K, 54% used [0x00000000c0000000,0x00000000c9eb4240,0x00000000d2580000)
 Metaspace       used 6646K, capacity 7320K, committed 7680K, reserved 1056768K
  class space    used 627K, capacity 656K, committed 768K, reserved 1048576K
}

